{"D:\\Cursor\\games\\tycoon-re\\GameContext.js": {"path":"D:\\Cursor\\games\\tycoon-re\\GameContext.js","statementMap":{"0":{"start":{"line":13,"column":27},"end":{"line":13,"column":42}},"1":{"start":{"line":16,"column":22},"end":{"line":16,"column":51}},"2":{"start":{"line":17,"column":23},"end":{"line":17,"column":28}},"3":{"start":{"line":18,"column":27},"end":{"line":18,"column":31}},"4":{"start":{"line":19,"column":22},"end":{"line":19,"column":57}},"5":{"start":{"line":20,"column":27},"end":{"line":20,"column":28}},"6":{"start":{"line":21,"column":36},"end":{"line":21,"column":39}},"7":{"start":{"line":22,"column":27},"end":{"line":22,"column":32}},"8":{"start":{"line":23,"column":29},"end":{"line":23,"column":34}},"9":{"start":{"line":24,"column":37},"end":{"line":24,"column":41}},"10":{"start":{"line":27,"column":28},"end":{"line":35,"column":1}},"11":{"start":{"line":28,"column":23},"end":{"line":28,"column":42}},"12":{"start":{"line":29,"column":2},"end":{"line":33,"column":5}},"13":{"start":{"line":30,"column":4},"end":{"line":32,"column":5}},"14":{"start":{"line":30,"column":39},"end":{"line":30,"column":69}},"15":{"start":{"line":31,"column":6},"end":{"line":31,"column":37}},"16":{"start":{"line":34,"column":2},"end":{"line":34,"column":22}},"17":{"start":{"line":38,"column":33},"end":{"line":81,"column":1}},"18":{"start":{"line":39,"column":24},"end":{"line":39,"column":91}},"19":{"start":{"line":41,"column":2},"end":{"line":49,"column":5}},"20":{"start":{"line":50,"column":4},"end":{"line":56,"column":3}},"21":{"start":{"line":51,"column":4},"end":{"line":51,"column":96}},"22":{"start":{"line":53,"column":31},"end":{"line":53,"column":58}},"23":{"start":{"line":54,"column":4},"end":{"line":54,"column":69}},"24":{"start":{"line":55,"column":4},"end":{"line":55,"column":41}},"25":{"start":{"line":58,"column":25},"end":{"line":58,"column":26}},"26":{"start":{"line":59,"column":2},"end":{"line":72,"column":15}},"27":{"start":{"line":62,"column":6},"end":{"line":62,"column":85}},"28":{"start":{"line":63,"column":6},"end":{"line":63,"column":12}},"29":{"start":{"line":66,"column":6},"end":{"line":66,"column":85}},"30":{"start":{"line":67,"column":6},"end":{"line":67,"column":12}},"31":{"start":{"line":71,"column":6},"end":{"line":71,"column":85}},"32":{"start":{"line":72,"column":6},"end":{"line":72,"column":12}},"33":{"start":{"line":74,"column":16},"end":{"line":77,"column":3}},"34":{"start":{"line":79,"column":2},"end":{"line":79,"column":43}},"35":{"start":{"line":80,"column":2},"end":{"line":80,"column":15}},"36":{"start":{"line":84,"column":43},"end":{"line":113,"column":1}},"37":{"start":{"line":85,"column":2},"end":{"line":112,"column":5}},"38":{"start":{"line":86,"column":26},"end":{"line":86,"column":28}},"39":{"start":{"line":87,"column":26},"end":{"line":103,"column":6}},"40":{"start":{"line":89,"column":6},"end":{"line":101,"column":7}},"41":{"start":{"line":90,"column":24},"end":{"line":90,"column":59}},"42":{"start":{"line":91,"column":8},"end":{"line":100,"column":9}},"43":{"start":{"line":92,"column":10},"end":{"line":92,"column":90}},"44":{"start":{"line":93,"column":10},"end":{"line":96,"column":12}},"45":{"start":{"line":99,"column":10},"end":{"line":99,"column":44}},"46":{"start":{"line":102,"column":6},"end":{"line":102,"column":19}},"47":{"start":{"line":105,"column":4},"end":{"line":105,"column":91}},"48":{"start":{"line":107,"column":4},"end":{"line":111,"column":6}},"49":{"start":{"line":115,"column":35},"end":{"line":133,"column":1}},"50":{"start":{"line":116,"column":20},"end":{"line":116,"column":25}},"51":{"start":{"line":117,"column":26},"end":{"line":117,"column":48}},"52":{"start":{"line":118,"column":2},"end":{"line":131,"column":3}},"53":{"start":{"line":119,"column":20},"end":{"line":119,"column":46}},"54":{"start":{"line":120,"column":4},"end":{"line":130,"column":5}},"55":{"start":{"line":121,"column":6},"end":{"line":121,"column":25}},"56":{"start":{"line":122,"column":27},"end":{"line":122,"column":76}},"57":{"start":{"line":123,"column":6},"end":{"line":129,"column":7}},"58":{"start":{"line":124,"column":31},"end":{"line":124,"column":58}},"59":{"start":{"line":125,"column":8},"end":{"line":125,"column":75}},"60":{"start":{"line":126,"column":8},"end":{"line":128,"column":9}},"61":{"start":{"line":127,"column":10},"end":{"line":127,"column":44}},"62":{"start":{"line":132,"column":2},"end":{"line":132,"column":42}},"63":{"start":{"line":135,"column":33},"end":{"line":195,"column":1}},"64":{"start":{"line":136,"column":20},"end":{"line":136,"column":25}},"65":{"start":{"line":137,"column":28},"end":{"line":137,"column":30}},"66":{"start":{"line":138,"column":26},"end":{"line":138,"column":48}},"67":{"start":{"line":141,"column":32},"end":{"line":141,"column":54}},"68":{"start":{"line":143,"column":2},"end":{"line":193,"column":3}},"69":{"start":{"line":144,"column":20},"end":{"line":144,"column":46}},"70":{"start":{"line":145,"column":4},"end":{"line":145,"column":27}},"71":{"start":{"line":145,"column":18},"end":{"line":145,"column":27}},"72":{"start":{"line":148,"column":4},"end":{"line":150,"column":5}},"73":{"start":{"line":149,"column":6},"end":{"line":149,"column":37}},"74":{"start":{"line":153,"column":23},"end":{"line":153,"column":69}},"75":{"start":{"line":154,"column":4},"end":{"line":158,"column":5}},"76":{"start":{"line":155,"column":6},"end":{"line":155,"column":74}},"77":{"start":{"line":156,"column":6},"end":{"line":156,"column":40}},"78":{"start":{"line":157,"column":6},"end":{"line":157,"column":15}},"79":{"start":{"line":160,"column":4},"end":{"line":192,"column":5}},"80":{"start":{"line":161,"column":6},"end":{"line":161,"column":25}},"81":{"start":{"line":164,"column":6},"end":{"line":166,"column":7}},"82":{"start":{"line":165,"column":8},"end":{"line":165,"column":29}},"83":{"start":{"line":169,"column":30},"end":{"line":169,"column":71}},"84":{"start":{"line":172,"column":6},"end":{"line":182,"column":7}},"85":{"start":{"line":173,"column":37},"end":{"line":175,"column":26}},"86":{"start":{"line":174,"column":26},"end":{"line":174,"column":64}},"87":{"start":{"line":174,"column":47},"end":{"line":174,"column":63}},"88":{"start":{"line":177,"column":8},"end":{"line":181,"column":9}},"89":{"start":{"line":178,"column":34},"end":{"line":179,"column":57}},"90":{"start":{"line":179,"column":12},"end":{"line":179,"column":53}},"91":{"start":{"line":180,"column":10},"end":{"line":180,"column":84}},"92":{"start":{"line":185,"column":6},"end":{"line":185,"column":77}},"93":{"start":{"line":188,"column":6},"end":{"line":191,"column":7}},"94":{"start":{"line":189,"column":8},"end":{"line":189,"column":37}},"95":{"start":{"line":190,"column":8},"end":{"line":190,"column":42}},"96":{"start":{"line":194,"column":4},"end":{"line":194,"column":63}},"97":{"start":{"line":197,"column":31},"end":{"line":216,"column":1}},"98":{"start":{"line":198,"column":2},"end":{"line":200,"column":3}},"99":{"start":{"line":199,"column":4},"end":{"line":199,"column":13}},"100":{"start":{"line":202,"column":28},"end":{"line":202,"column":57}},"101":{"start":{"line":205,"column":21},"end":{"line":205,"column":62}},"102":{"start":{"line":207,"column":2},"end":{"line":212,"column":3}},"103":{"start":{"line":210,"column":28},"end":{"line":210,"column":62}},"104":{"start":{"line":211,"column":4},"end":{"line":211,"column":73}},"105":{"start":{"line":214,"column":31},"end":{"line":214,"column":63}},"106":{"start":{"line":215,"column":2},"end":{"line":215,"column":50}},"107":{"start":{"line":219,"column":21},"end":{"line":244,"column":1}},"108":{"start":{"line":247,"column":28},"end":{"line":1648,"column":1}},"109":{"start":{"line":249,"column":28},"end":{"line":249,"column":50}},"110":{"start":{"line":250,"column":36},"end":{"line":250,"column":50}},"111":{"start":{"line":251,"column":34},"end":{"line":251,"column":45}},"112":{"start":{"line":252,"column":36},"end":{"line":252,"column":56}},"113":{"start":{"line":254,"column":306},"end":{"line":254,"column":311}},"114":{"start":{"line":255,"column":25},"end":{"line":255,"column":66}},"115":{"start":{"line":257,"column":2},"end":{"line":301,"column":9}},"116":{"start":{"line":258,"column":22},"end":{"line":281,"column":5}},"117":{"start":{"line":259,"column":6},"end":{"line":280,"column":38}},"118":{"start":{"line":260,"column":33},"end":{"line":260,"column":74}},"119":{"start":{"line":261,"column":8},"end":{"line":278,"column":9}},"120":{"start":{"line":262,"column":29},"end":{"line":262,"column":57}},"121":{"start":{"line":263,"column":10},"end":{"line":263,"column":97}},"122":{"start":{"line":265,"column":30},"end":{"line":270,"column":11}},"123":{"start":{"line":268,"column":14},"end":{"line":268,"column":71}},"124":{"start":{"line":268,"column":53},"end":{"line":268,"column":70}},"125":{"start":{"line":271,"column":10},"end":{"line":271,"column":41}},"126":{"start":{"line":272,"column":10},"end":{"line":272,"column":67}},"127":{"start":{"line":272,"column":33},"end":{"line":272,"column":64}},"128":{"start":{"line":275,"column":10},"end":{"line":275,"column":46}},"129":{"start":{"line":277,"column":10},"end":{"line":277,"column":67}},"130":{"start":{"line":279,"column":20},"end":{"line":279,"column":62}},"131":{"start":{"line":280,"column":16},"end":{"line":280,"column":36}},"132":{"start":{"line":282,"column":29},"end":{"line":298,"column":5}},"133":{"start":{"line":283,"column":20},"end":{"line":283,"column":30}},"134":{"start":{"line":284,"column":30},"end":{"line":284,"column":70}},"135":{"start":{"line":285,"column":23},"end":{"line":285,"column":42}},"136":{"start":{"line":287,"column":8},"end":{"line":296,"column":9}},"137":{"start":{"line":288,"column":31},"end":{"line":288,"column":87}},"138":{"start":{"line":289,"column":12},"end":{"line":295,"column":13}},"139":{"start":{"line":290,"column":16},"end":{"line":290,"column":84}},"140":{"start":{"line":292,"column":16},"end":{"line":294,"column":17}},"141":{"start":{"line":292,"column":29},"end":{"line":292,"column":30}},"142":{"start":{"line":293,"column":20},"end":{"line":293,"column":44}},"143":{"start":{"line":297,"column":8},"end":{"line":297,"column":65}},"144":{"start":{"line":299,"column":4},"end":{"line":299,"column":23}},"145":{"start":{"line":300,"column":4},"end":{"line":300,"column":16}},"146":{"start":{"line":302,"column":2},"end":{"line":307,"column":25}},"147":{"start":{"line":303,"column":4},"end":{"line":306,"column":5}},"148":{"start":{"line":304,"column":26},"end":{"line":304,"column":255}},"149":{"start":{"line":305,"column":6},"end":{"line":305,"column":71}},"150":{"start":{"line":307,"column":27},"end":{"line":396,"column":18}},"151":{"start":{"line":308,"column":4},"end":{"line":308,"column":26}},"152":{"start":{"line":308,"column":19},"end":{"line":308,"column":26}},"153":{"start":{"line":309,"column":21},"end":{"line":394,"column":26}},"154":{"start":{"line":310,"column":6},"end":{"line":392,"column":9}},"155":{"start":{"line":311,"column":57},"end":{"line":311,"column":115}},"156":{"start":{"line":312,"column":74},"end":{"line":312,"column":151}},"157":{"start":{"line":315,"column":26},"end":{"line":315,"column":53}},"158":{"start":{"line":316,"column":28},"end":{"line":316,"column":52}},"159":{"start":{"line":317,"column":25},"end":{"line":317,"column":47}},"160":{"start":{"line":320,"column":8},"end":{"line":383,"column":9}},"161":{"start":{"line":321,"column":10},"end":{"line":321,"column":78}},"162":{"start":{"line":323,"column":10},"end":{"line":369,"column":13}},"163":{"start":{"line":324,"column":28},"end":{"line":324,"column":52}},"164":{"start":{"line":325,"column":26},"end":{"line":325,"column":67}},"165":{"start":{"line":325,"column":48},"end":{"line":325,"column":66}},"166":{"start":{"line":327,"column":12},"end":{"line":368,"column":13}},"167":{"start":{"line":328,"column":14},"end":{"line":328,"column":68}},"168":{"start":{"line":331,"column":36},"end":{"line":331,"column":101}},"169":{"start":{"line":332,"column":37},"end":{"line":332,"column":61}},"170":{"start":{"line":335,"column":14},"end":{"line":350,"column":17}},"171":{"start":{"line":336,"column":16},"end":{"line":348,"column":17}},"172":{"start":{"line":337,"column":39},"end":{"line":337,"column":71}},"173":{"start":{"line":338,"column":18},"end":{"line":347,"column":20}},"174":{"start":{"line":349,"column":16},"end":{"line":349,"column":25}},"175":{"start":{"line":351,"column":16},"end":{"line":364,"column":17}},"176":{"start":{"line":352,"column":40},"end":{"line":352,"column":106}},"177":{"start":{"line":352,"column":69},"end":{"line":352,"column":105}},"178":{"start":{"line":353,"column":18},"end":{"line":353,"column":105}},"179":{"start":{"line":353,"column":66},"end":{"line":353,"column":103}},"180":{"start":{"line":355,"column":40},"end":{"line":361,"column":21}},"181":{"start":{"line":355,"column":64},"end":{"line":361,"column":19}},"182":{"start":{"line":363,"column":18},"end":{"line":363,"column":110}},"183":{"start":{"line":367,"column":14},"end":{"line":367,"column":46}},"184":{"start":{"line":372,"column":10},"end":{"line":382,"column":13}},"185":{"start":{"line":373,"column":28},"end":{"line":373,"column":51}},"186":{"start":{"line":374,"column":12},"end":{"line":380,"column":13}},"187":{"start":{"line":375,"column":14},"end":{"line":379,"column":16}},"188":{"start":{"line":381,"column":12},"end":{"line":381,"column":25}},"189":{"start":{"line":385,"column":8},"end":{"line":391,"column":10}},"190":{"start":{"line":393,"column":6},"end":{"line":393,"column":46}},"191":{"start":{"line":393,"column":31},"end":{"line":393,"column":43}},"192":{"start":{"line":395,"column":4},"end":{"line":395,"column":41}},"193":{"start":{"line":395,"column":17},"end":{"line":395,"column":40}},"194":{"start":{"line":398,"column":2},"end":{"line":403,"column":28}},"195":{"start":{"line":399,"column":4},"end":{"line":402,"column":5}},"196":{"start":{"line":400,"column":6},"end":{"line":400,"column":30}},"197":{"start":{"line":401,"column":6},"end":{"line":401,"column":21}},"198":{"start":{"line":404,"column":4},"end":{"line":437,"column":18}},"199":{"start":{"line":405,"column":4},"end":{"line":405,"column":26}},"200":{"start":{"line":405,"column":19},"end":{"line":405,"column":26}},"201":{"start":{"line":407,"column":4},"end":{"line":407,"column":101}},"202":{"start":{"line":408,"column":26},"end":{"line":435,"column":41}},"203":{"start":{"line":409,"column":6},"end":{"line":409,"column":60}},"204":{"start":{"line":410,"column":6},"end":{"line":435,"column":9}},"205":{"start":{"line":411,"column":34},"end":{"line":418,"column":10}},"206":{"start":{"line":413,"column":10},"end":{"line":413,"column":78}},"207":{"start":{"line":413,"column":65},"end":{"line":413,"column":78}},"208":{"start":{"line":416,"column":29},"end":{"line":416,"column":51}},"209":{"start":{"line":417,"column":10},"end":{"line":417,"column":88}},"210":{"start":{"line":417,"column":52},"end":{"line":417,"column":86}},"211":{"start":{"line":420,"column":8},"end":{"line":420,"column":73}},"212":{"start":{"line":421,"column":8},"end":{"line":421,"column":56}},"213":{"start":{"line":421,"column":44},"end":{"line":421,"column":56}},"214":{"start":{"line":423,"column":26},"end":{"line":423,"column":44}},"215":{"start":{"line":424,"column":8},"end":{"line":431,"column":11}},"216":{"start":{"line":425,"column":24},"end":{"line":425,"column":55}},"217":{"start":{"line":426,"column":10},"end":{"line":426,"column":70}},"218":{"start":{"line":427,"column":10},"end":{"line":427,"column":29}},"219":{"start":{"line":427,"column":22},"end":{"line":427,"column":29}},"220":{"start":{"line":428,"column":10},"end":{"line":428,"column":61}},"221":{"start":{"line":428,"column":36},"end":{"line":428,"column":61}},"222":{"start":{"line":429,"column":10},"end":{"line":429,"column":45}},"223":{"start":{"line":430,"column":10},"end":{"line":430,"column":64}},"224":{"start":{"line":433,"column":8},"end":{"line":433,"column":72}},"225":{"start":{"line":434,"column":8},"end":{"line":434,"column":46}},"226":{"start":{"line":436,"column":4},"end":{"line":436,"column":46}},"227":{"start":{"line":436,"column":17},"end":{"line":436,"column":45}},"228":{"start":{"line":441,"column":25},"end":{"line":444,"column":3}},"229":{"start":{"line":442,"column":27},"end":{"line":442,"column":103}},"230":{"start":{"line":443,"column":4},"end":{"line":443,"column":108}},"231":{"start":{"line":443,"column":22},"end":{"line":443,"column":105}},"232":{"start":{"line":444,"column":31},"end":{"line":451,"column":3}},"233":{"start":{"line":445,"column":4},"end":{"line":445,"column":49}},"234":{"start":{"line":446,"column":4},"end":{"line":449,"column":7}},"235":{"start":{"line":447,"column":6},"end":{"line":447,"column":102}},"236":{"start":{"line":448,"column":6},"end":{"line":448,"column":53}},"237":{"start":{"line":450,"column":4},"end":{"line":450,"column":39}},"238":{"start":{"line":454,"column":32},"end":{"line":526,"column":10}},"239":{"start":{"line":455,"column":4},"end":{"line":526,"column":7}},"240":{"start":{"line":456,"column":21},"end":{"line":456,"column":35}},"241":{"start":{"line":457,"column":30},"end":{"line":457,"column":54}},"242":{"start":{"line":458,"column":31},"end":{"line":458,"column":52}},"243":{"start":{"line":459,"column":32},"end":{"line":459,"column":54}},"244":{"start":{"line":462,"column":26},"end":{"line":462,"column":96}},"245":{"start":{"line":462,"column":67},"end":{"line":462,"column":92}},"246":{"start":{"line":463,"column":6},"end":{"line":466,"column":7}},"247":{"start":{"line":464,"column":8},"end":{"line":464,"column":32}},"248":{"start":{"line":465,"column":8},"end":{"line":465,"column":160}},"249":{"start":{"line":467,"column":6},"end":{"line":516,"column":7}},"250":{"start":{"line":468,"column":31},"end":{"line":468,"column":33}},"251":{"start":{"line":469,"column":28},"end":{"line":469,"column":38}},"252":{"start":{"line":471,"column":8},"end":{"line":511,"column":27}},"253":{"start":{"line":473,"column":31},"end":{"line":473,"column":91}},"254":{"start":{"line":475,"column":10},"end":{"line":508,"column":11}},"255":{"start":{"line":476,"column":12},"end":{"line":476,"column":33}},"256":{"start":{"line":477,"column":33},"end":{"line":477,"column":69}},"257":{"start":{"line":480,"column":12},"end":{"line":486,"column":15}},"258":{"start":{"line":488,"column":12},"end":{"line":499,"column":13}},"259":{"start":{"line":490,"column":14},"end":{"line":490,"column":43}},"260":{"start":{"line":493,"column":14},"end":{"line":497,"column":15}},"261":{"start":{"line":494,"column":18},"end":{"line":496,"column":20}},"262":{"start":{"line":495,"column":22},"end":{"line":495,"column":90}},"263":{"start":{"line":498,"column":14},"end":{"line":498,"column":26}},"264":{"start":{"line":502,"column":12},"end":{"line":507,"column":14}},"265":{"start":{"line":510,"column":10},"end":{"line":510,"column":22}},"266":{"start":{"line":513,"column":8},"end":{"line":515,"column":9}},"267":{"start":{"line":514,"column":12},"end":{"line":514,"column":98}},"268":{"start":{"line":519,"column":6},"end":{"line":525,"column":8}},"269":{"start":{"line":528,"column":16},"end":{"line":541,"column":3}},"270":{"start":{"line":529,"column":4},"end":{"line":540,"column":7}},"271":{"start":{"line":530,"column":28},"end":{"line":530,"column":82}},"272":{"start":{"line":531,"column":18},"end":{"line":531,"column":47}},"273":{"start":{"line":532,"column":21},"end":{"line":532,"column":37}},"274":{"start":{"line":533,"column":24},"end":{"line":533,"column":53}},"275":{"start":{"line":534,"column":6},"end":{"line":538,"column":7}},"276":{"start":{"line":535,"column":8},"end":{"line":535,"column":29}},"277":{"start":{"line":536,"column":8},"end":{"line":536,"column":19}},"278":{"start":{"line":537,"column":8},"end":{"line":537,"column":52}},"279":{"start":{"line":539,"column":6},"end":{"line":539,"column":65}},"280":{"start":{"line":543,"column":29},"end":{"line":548,"column":3}},"281":{"start":{"line":544,"column":4},"end":{"line":547,"column":5}},"282":{"start":{"line":545,"column":8},"end":{"line":545,"column":18}},"283":{"start":{"line":546,"column":8},"end":{"line":546,"column":94}},"284":{"start":{"line":546,"column":26},"end":{"line":546,"column":91}},"285":{"start":{"line":549,"column":19},"end":{"line":622,"column":3}},"286":{"start":{"line":550,"column":4},"end":{"line":553,"column":5}},"287":{"start":{"line":551,"column":6},"end":{"line":551,"column":65}},"288":{"start":{"line":552,"column":6},"end":{"line":552,"column":19}},"289":{"start":{"line":556,"column":25},"end":{"line":564,"column":6}},"290":{"start":{"line":557,"column":6},"end":{"line":563,"column":7}},"291":{"start":{"line":559,"column":8},"end":{"line":559,"column":74}},"292":{"start":{"line":562,"column":8},"end":{"line":562,"column":80}},"293":{"start":{"line":566,"column":4},"end":{"line":579,"column":5}},"294":{"start":{"line":567,"column":6},"end":{"line":577,"column":7}},"295":{"start":{"line":568,"column":8},"end":{"line":571,"column":10}},"296":{"start":{"line":573,"column":8},"end":{"line":576,"column":10}},"297":{"start":{"line":578,"column":6},"end":{"line":578,"column":19}},"298":{"start":{"line":581,"column":4},"end":{"line":619,"column":7}},"299":{"start":{"line":582,"column":26},"end":{"line":582,"column":43}},"300":{"start":{"line":585,"column":6},"end":{"line":591,"column":7}},"301":{"start":{"line":586,"column":8},"end":{"line":590,"column":10}},"302":{"start":{"line":587,"column":10},"end":{"line":589,"column":19}},"303":{"start":{"line":594,"column":22},"end":{"line":601,"column":7}},"304":{"start":{"line":604,"column":22},"end":{"line":610,"column":7}},"305":{"start":{"line":612,"column":6},"end":{"line":618,"column":8}},"306":{"start":{"line":621,"column":4},"end":{"line":621,"column":16}},"307":{"start":{"line":626,"column":23},"end":{"line":683,"column":3}},"308":{"start":{"line":627,"column":4},"end":{"line":630,"column":5}},"309":{"start":{"line":628,"column":6},"end":{"line":628,"column":68}},"310":{"start":{"line":629,"column":6},"end":{"line":629,"column":19}},"311":{"start":{"line":633,"column":26},"end":{"line":633,"column":69}},"312":{"start":{"line":634,"column":16},"end":{"line":634,"column":76}},"313":{"start":{"line":635,"column":24},"end":{"line":635,"column":62}},"314":{"start":{"line":638,"column":4},"end":{"line":681,"column":6}},"315":{"start":{"line":647,"column":12},"end":{"line":650,"column":13}},"316":{"start":{"line":648,"column":14},"end":{"line":648,"column":102}},"317":{"start":{"line":649,"column":14},"end":{"line":649,"column":21}},"318":{"start":{"line":653,"column":12},"end":{"line":675,"column":15}},"319":{"start":{"line":655,"column":41},"end":{"line":655,"column":100}},"320":{"start":{"line":655,"column":73},"end":{"line":655,"column":99}},"321":{"start":{"line":657,"column":40},"end":{"line":657,"column":57}},"322":{"start":{"line":658,"column":14},"end":{"line":662,"column":15}},"323":{"start":{"line":659,"column":16},"end":{"line":661,"column":18}},"324":{"start":{"line":660,"column":18},"end":{"line":660,"column":93}},"325":{"start":{"line":665,"column":32},"end":{"line":665,"column":173}},"326":{"start":{"line":668,"column":14},"end":{"line":674,"column":16}},"327":{"start":{"line":677,"column":12},"end":{"line":677,"column":84}},"328":{"start":{"line":682,"column":4},"end":{"line":682,"column":16}},"329":{"start":{"line":685,"column":22},"end":{"line":744,"column":3}},"330":{"start":{"line":687,"column":26},"end":{"line":687,"column":53}},"331":{"start":{"line":688,"column":27},"end":{"line":688,"column":60}},"332":{"start":{"line":689,"column":22},"end":{"line":689,"column":75}},"333":{"start":{"line":692,"column":4},"end":{"line":695,"column":5}},"334":{"start":{"line":694,"column":6},"end":{"line":694,"column":19}},"335":{"start":{"line":698,"column":4},"end":{"line":736,"column":7}},"336":{"start":{"line":700,"column":23},"end":{"line":715,"column":7}},"337":{"start":{"line":718,"column":26},"end":{"line":718,"column":159}},"338":{"start":{"line":719,"column":21},"end":{"line":719,"column":154}},"339":{"start":{"line":720,"column":22},"end":{"line":720,"column":81}},"340":{"start":{"line":723,"column":32},"end":{"line":723,"column":49}},"341":{"start":{"line":724,"column":6},"end":{"line":726,"column":7}},"342":{"start":{"line":725,"column":8},"end":{"line":725,"column":82}},"343":{"start":{"line":729,"column":6},"end":{"line":735,"column":8}},"344":{"start":{"line":737,"column":4},"end":{"line":739,"column":5}},"345":{"start":{"line":738,"column":8},"end":{"line":738,"column":18}},"346":{"start":{"line":741,"column":4},"end":{"line":741,"column":48}},"347":{"start":{"line":743,"column":4},"end":{"line":743,"column":16}},"348":{"start":{"line":746,"column":18},"end":{"line":805,"column":3}},"349":{"start":{"line":748,"column":26},"end":{"line":748,"column":53}},"350":{"start":{"line":749,"column":27},"end":{"line":749,"column":60}},"351":{"start":{"line":750,"column":22},"end":{"line":750,"column":44}},"352":{"start":{"line":753,"column":4},"end":{"line":756,"column":5}},"353":{"start":{"line":755,"column":6},"end":{"line":755,"column":19}},"354":{"start":{"line":759,"column":4},"end":{"line":794,"column":7}},"355":{"start":{"line":761,"column":27},"end":{"line":770,"column":7}},"356":{"start":{"line":773,"column":26},"end":{"line":773,"column":159}},"357":{"start":{"line":774,"column":21},"end":{"line":774,"column":154}},"358":{"start":{"line":777,"column":32},"end":{"line":777,"column":49}},"359":{"start":{"line":778,"column":20},"end":{"line":778,"column":21}},"360":{"start":{"line":779,"column":6},"end":{"line":782,"column":7}},"361":{"start":{"line":780,"column":8},"end":{"line":780,"column":21}},"362":{"start":{"line":781,"column":8},"end":{"line":781,"column":82}},"363":{"start":{"line":787,"column":6},"end":{"line":793,"column":8}},"364":{"start":{"line":797,"column":4},"end":{"line":799,"column":5}},"365":{"start":{"line":798,"column":6},"end":{"line":798,"column":16}},"366":{"start":{"line":802,"column":4},"end":{"line":802,"column":44}},"367":{"start":{"line":804,"column":4},"end":{"line":804,"column":16}},"368":{"start":{"line":807,"column":31},"end":{"line":874,"column":3}},"369":{"start":{"line":808,"column":25},"end":{"line":808,"column":76}},"370":{"start":{"line":809,"column":24},"end":{"line":809,"column":63}},"371":{"start":{"line":811,"column":4},"end":{"line":817,"column":5}},"372":{"start":{"line":812,"column":6},"end":{"line":815,"column":8}},"373":{"start":{"line":816,"column":6},"end":{"line":816,"column":19}},"374":{"start":{"line":817,"column":9},"end":{"line":871,"column":7}},"375":{"start":{"line":818,"column":27},"end":{"line":830,"column":7}},"376":{"start":{"line":833,"column":38},"end":{"line":833,"column":61}},"377":{"start":{"line":834,"column":40},"end":{"line":834,"column":65}},"378":{"start":{"line":836,"column":6},"end":{"line":852,"column":7}},"379":{"start":{"line":837,"column":8},"end":{"line":843,"column":10}},"380":{"start":{"line":843,"column":23},"end":{"line":852,"column":7}},"381":{"start":{"line":844,"column":8},"end":{"line":851,"column":10}},"382":{"start":{"line":855,"column":24},"end":{"line":861,"column":7}},"383":{"start":{"line":863,"column":6},"end":{"line":870,"column":8}},"384":{"start":{"line":873,"column":4},"end":{"line":873,"column":16}},"385":{"start":{"line":876,"column":35},"end":{"line":881,"column":3}},"386":{"start":{"line":877,"column":4},"end":{"line":879,"column":5}},"387":{"start":{"line":878,"column":6},"end":{"line":878,"column":72}},"388":{"start":{"line":878,"column":45},"end":{"line":878,"column":67}},"389":{"start":{"line":880,"column":4},"end":{"line":880,"column":54}},"390":{"start":{"line":882,"column":26},"end":{"line":968,"column":3}},"391":{"start":{"line":883,"column":4},"end":{"line":886,"column":5}},"392":{"start":{"line":884,"column":6},"end":{"line":884,"column":77}},"393":{"start":{"line":885,"column":6},"end":{"line":885,"column":19}},"394":{"start":{"line":889,"column":4},"end":{"line":892,"column":5}},"395":{"start":{"line":890,"column":6},"end":{"line":890,"column":114}},"396":{"start":{"line":891,"column":6},"end":{"line":891,"column":19}},"397":{"start":{"line":895,"column":4},"end":{"line":898,"column":5}},"398":{"start":{"line":896,"column":6},"end":{"line":896,"column":87}},"399":{"start":{"line":897,"column":6},"end":{"line":897,"column":19}},"400":{"start":{"line":900,"column":30},"end":{"line":903,"column":5}},"401":{"start":{"line":901,"column":6},"end":{"line":902,"column":57}},"402":{"start":{"line":902,"column":39},"end":{"line":902,"column":56}},"403":{"start":{"line":905,"column":4},"end":{"line":908,"column":5}},"404":{"start":{"line":906,"column":6},"end":{"line":906,"column":99}},"405":{"start":{"line":907,"column":6},"end":{"line":907,"column":19}},"406":{"start":{"line":909,"column":32},"end":{"line":909,"column":64}},"407":{"start":{"line":910,"column":26},"end":{"line":910,"column":59}},"408":{"start":{"line":912,"column":4},"end":{"line":915,"column":5}},"409":{"start":{"line":913,"column":6},"end":{"line":913,"column":104}},"410":{"start":{"line":914,"column":6},"end":{"line":914,"column":19}},"411":{"start":{"line":918,"column":4},"end":{"line":958,"column":7}},"412":{"start":{"line":919,"column":40},"end":{"line":929,"column":7}},"413":{"start":{"line":931,"column":34},"end":{"line":941,"column":7}},"414":{"start":{"line":932,"column":8},"end":{"line":940,"column":13}},"415":{"start":{"line":943,"column":29},"end":{"line":949,"column":7}},"416":{"start":{"line":951,"column":6},"end":{"line":957,"column":8}},"417":{"start":{"line":961,"column":4},"end":{"line":965,"column":7}},"418":{"start":{"line":967,"column":4},"end":{"line":967,"column":16}},"419":{"start":{"line":970,"column":32},"end":{"line":1019,"column":3}},"420":{"start":{"line":972,"column":4},"end":{"line":975,"column":5}},"421":{"start":{"line":972,"column":70},"end":{"line":972,"column":116}},"422":{"start":{"line":973,"column":6},"end":{"line":973,"column":67}},"423":{"start":{"line":974,"column":6},"end":{"line":974,"column":19}},"424":{"start":{"line":977,"column":4},"end":{"line":1017,"column":7}},"425":{"start":{"line":978,"column":28},"end":{"line":989,"column":8}},"426":{"start":{"line":979,"column":8},"end":{"line":987,"column":9}},"427":{"start":{"line":980,"column":10},"end":{"line":986,"column":12}},"428":{"start":{"line":988,"column":8},"end":{"line":988,"column":17}},"429":{"start":{"line":990,"column":28},"end":{"line":990,"column":46}},"430":{"start":{"line":991,"column":6},"end":{"line":991,"column":37}},"431":{"start":{"line":992,"column":29},"end":{"line":997,"column":8}},"432":{"start":{"line":999,"column":6},"end":{"line":1003,"column":9}},"433":{"start":{"line":1005,"column":6},"end":{"line":1010,"column":7}},"434":{"start":{"line":1006,"column":8},"end":{"line":1006,"column":51}},"435":{"start":{"line":1007,"column":8},"end":{"line":1007,"column":56}},"436":{"start":{"line":1009,"column":8},"end":{"line":1009,"column":54}},"437":{"start":{"line":1012,"column":6},"end":{"line":1016,"column":8}},"438":{"start":{"line":1018,"column":4},"end":{"line":1018,"column":16}},"439":{"start":{"line":1021,"column":22},"end":{"line":1102,"column":3}},"440":{"start":{"line":1023,"column":18},"end":{"line":1023,"column":64}},"441":{"start":{"line":1023,"column":47},"end":{"line":1023,"column":63}},"442":{"start":{"line":1024,"column":4},"end":{"line":1027,"column":5}},"443":{"start":{"line":1025,"column":6},"end":{"line":1025,"column":50}},"444":{"start":{"line":1026,"column":6},"end":{"line":1026,"column":19}},"445":{"start":{"line":1029,"column":4},"end":{"line":1032,"column":5}},"446":{"start":{"line":1030,"column":6},"end":{"line":1030,"column":61}},"447":{"start":{"line":1031,"column":6},"end":{"line":1031,"column":19}},"448":{"start":{"line":1035,"column":4},"end":{"line":1038,"column":5}},"449":{"start":{"line":1035,"column":43},"end":{"line":1035,"column":89}},"450":{"start":{"line":1036,"column":6},"end":{"line":1036,"column":67}},"451":{"start":{"line":1037,"column":6},"end":{"line":1037,"column":19}},"452":{"start":{"line":1038,"column":9},"end":{"line":1099,"column":7}},"453":{"start":{"line":1041,"column":30},"end":{"line":1041,"column":92}},"454":{"start":{"line":1042,"column":27},"end":{"line":1042,"column":56}},"455":{"start":{"line":1043,"column":28},"end":{"line":1043,"column":29}},"456":{"start":{"line":1044,"column":6},"end":{"line":1048,"column":7}},"457":{"start":{"line":1045,"column":36},"end":{"line":1045,"column":91}},"458":{"start":{"line":1046,"column":24},"end":{"line":1046,"column":61}},"459":{"start":{"line":1047,"column":8},"end":{"line":1047,"column":61}},"460":{"start":{"line":1050,"column":24},"end":{"line":1050,"column":53}},"461":{"start":{"line":1053,"column":22},"end":{"line":1059,"column":7}},"462":{"start":{"line":1060,"column":21},"end":{"line":1066,"column":7}},"463":{"start":{"line":1069,"column":25},"end":{"line":1077,"column":7}},"464":{"start":{"line":1080,"column":28},"end":{"line":1080,"column":76}},"465":{"start":{"line":1080,"column":58},"end":{"line":1080,"column":75}},"466":{"start":{"line":1081,"column":28},"end":{"line":1081,"column":46}},"467":{"start":{"line":1082,"column":6},"end":{"line":1082,"column":37}},"468":{"start":{"line":1083,"column":6},"end":{"line":1089,"column":7}},"469":{"start":{"line":1084,"column":29},"end":{"line":1084,"column":67}},"470":{"start":{"line":1087,"column":25},"end":{"line":1087,"column":79}},"471":{"start":{"line":1088,"column":8},"end":{"line":1088,"column":45}},"472":{"start":{"line":1088,"column":25},"end":{"line":1088,"column":40}},"473":{"start":{"line":1091,"column":6},"end":{"line":1098,"column":8}},"474":{"start":{"line":1101,"column":4},"end":{"line":1101,"column":16}},"475":{"start":{"line":1103,"column":23},"end":{"line":1149,"column":3}},"476":{"start":{"line":1104,"column":4},"end":{"line":1104,"column":41}},"477":{"start":{"line":1104,"column":28},"end":{"line":1104,"column":41}},"478":{"start":{"line":1107,"column":18},"end":{"line":1107,"column":64}},"479":{"start":{"line":1107,"column":47},"end":{"line":1107,"column":63}},"480":{"start":{"line":1108,"column":4},"end":{"line":1111,"column":5}},"481":{"start":{"line":1109,"column":6},"end":{"line":1109,"column":50}},"482":{"start":{"line":1110,"column":6},"end":{"line":1110,"column":19}},"483":{"start":{"line":1113,"column":22},"end":{"line":1113,"column":32}},"484":{"start":{"line":1114,"column":4},"end":{"line":1117,"column":5}},"485":{"start":{"line":1115,"column":6},"end":{"line":1115,"column":95}},"486":{"start":{"line":1116,"column":6},"end":{"line":1116,"column":19}},"487":{"start":{"line":1119,"column":4},"end":{"line":1146,"column":7}},"488":{"start":{"line":1120,"column":28},"end":{"line":1130,"column":8}},"489":{"start":{"line":1121,"column":8},"end":{"line":1128,"column":9}},"490":{"start":{"line":1122,"column":10},"end":{"line":1127,"column":12}},"491":{"start":{"line":1129,"column":8},"end":{"line":1129,"column":17}},"492":{"start":{"line":1132,"column":25},"end":{"line":1138,"column":7}},"493":{"start":{"line":1140,"column":6},"end":{"line":1145,"column":8}},"494":{"start":{"line":1148,"column":4},"end":{"line":1148,"column":16}},"495":{"start":{"line":1149,"column":32},"end":{"line":1236,"column":3}},"496":{"start":{"line":1150,"column":4},"end":{"line":1150,"column":62}},"497":{"start":{"line":1150,"column":49},"end":{"line":1150,"column":62}},"498":{"start":{"line":1153,"column":4},"end":{"line":1156,"column":5}},"499":{"start":{"line":1154,"column":6},"end":{"line":1154,"column":64}},"500":{"start":{"line":1155,"column":6},"end":{"line":1155,"column":19}},"501":{"start":{"line":1156,"column":28},"end":{"line":1156,"column":47}},"502":{"start":{"line":1159,"column":33},"end":{"line":1160,"column":76}},"503":{"start":{"line":1160,"column":6},"end":{"line":1160,"column":72}},"504":{"start":{"line":1161,"column":31},"end":{"line":1161,"column":77}},"505":{"start":{"line":1163,"column":29},"end":{"line":1163,"column":81}},"506":{"start":{"line":1165,"column":4},"end":{"line":1168,"column":5}},"507":{"start":{"line":1166,"column":6},"end":{"line":1166,"column":146}},"508":{"start":{"line":1167,"column":6},"end":{"line":1167,"column":19}},"509":{"start":{"line":1170,"column":4},"end":{"line":1233,"column":7}},"510":{"start":{"line":1171,"column":29},"end":{"line":1174,"column":9}},"511":{"start":{"line":1171,"column":60},"end":{"line":1174,"column":7}},"512":{"start":{"line":1177,"column":35},"end":{"line":1177,"column":101}},"513":{"start":{"line":1177,"column":75},"end":{"line":1177,"column":97}},"514":{"start":{"line":1178,"column":33},"end":{"line":1178,"column":79}},"515":{"start":{"line":1180,"column":25},"end":{"line":1192,"column":7}},"516":{"start":{"line":1194,"column":28},"end":{"line":1196,"column":7}},"517":{"start":{"line":1195,"column":8},"end":{"line":1195,"column":74}},"518":{"start":{"line":1198,"column":30},"end":{"line":1198,"column":32}},"519":{"start":{"line":1201,"column":6},"end":{"line":1209,"column":7}},"520":{"start":{"line":1202,"column":8},"end":{"line":1208,"column":11}},"521":{"start":{"line":1211,"column":6},"end":{"line":1217,"column":9}},"522":{"start":{"line":1220,"column":6},"end":{"line":1226,"column":9}},"523":{"start":{"line":1226,"column":15},"end":{"line":1232,"column":8}},"524":{"start":{"line":1235,"column":4},"end":{"line":1235,"column":16}},"525":{"start":{"line":1238,"column":35},"end":{"line":1331,"column":3}},"526":{"start":{"line":1239,"column":4},"end":{"line":1330,"column":7}},"527":{"start":{"line":1240,"column":22},"end":{"line":1240,"column":58}},"528":{"start":{"line":1241,"column":6},"end":{"line":1241,"column":32}},"529":{"start":{"line":1241,"column":20},"end":{"line":1241,"column":32}},"530":{"start":{"line":1243,"column":29},"end":{"line":1243,"column":58}},"531":{"start":{"line":1244,"column":24},"end":{"line":1244,"column":62}},"532":{"start":{"line":1246,"column":6},"end":{"line":1329,"column":7}},"533":{"start":{"line":1247,"column":8},"end":{"line":1250,"column":9}},"534":{"start":{"line":1248,"column":10},"end":{"line":1248,"column":116}},"535":{"start":{"line":1249,"column":10},"end":{"line":1249,"column":22}},"536":{"start":{"line":1252,"column":30},"end":{"line":1258,"column":9}},"537":{"start":{"line":1261,"column":8},"end":{"line":1275,"column":10}},"538":{"start":{"line":1277,"column":30},"end":{"line":1302,"column":10}},"539":{"start":{"line":1278,"column":10},"end":{"line":1300,"column":11}},"540":{"start":{"line":1279,"column":30},"end":{"line":1279,"column":54}},"541":{"start":{"line":1280,"column":37},"end":{"line":1280,"column":109}},"542":{"start":{"line":1280,"column":87},"end":{"line":1280,"column":105}},"543":{"start":{"line":1281,"column":34},"end":{"line":1281,"column":60}},"544":{"start":{"line":1282,"column":34},"end":{"line":1282,"column":60}},"545":{"start":{"line":1283,"column":36},"end":{"line":1283,"column":96}},"546":{"start":{"line":1286,"column":37},"end":{"line":1286,"column":64}},"547":{"start":{"line":1287,"column":42},"end":{"line":1287,"column":88}},"548":{"start":{"line":1288,"column":14},"end":{"line":1299,"column":14}},"549":{"start":{"line":1301,"column":10},"end":{"line":1301,"column":23}},"550":{"start":{"line":1303,"column":30},"end":{"line":1303,"column":96}},"551":{"start":{"line":1303,"column":59},"end":{"line":1303,"column":95}},"552":{"start":{"line":1304,"column":31},"end":{"line":1304,"column":98}},"553":{"start":{"line":1304,"column":60},"end":{"line":1304,"column":97}},"554":{"start":{"line":1307,"column":30},"end":{"line":1313,"column":11}},"555":{"start":{"line":1307,"column":54},"end":{"line":1313,"column":9}},"556":{"start":{"line":1316,"column":38},"end":{"line":1316,"column":100}},"557":{"start":{"line":1318,"column":57},"end":{"line":1318,"column":82}},"558":{"start":{"line":1319,"column":8},"end":{"line":1319,"column":42}},"559":{"start":{"line":1321,"column":8},"end":{"line":1328,"column":10}},"560":{"start":{"line":1333,"column":20},"end":{"line":1368,"column":3}},"561":{"start":{"line":1334,"column":4},"end":{"line":1337,"column":5}},"562":{"start":{"line":1335,"column":6},"end":{"line":1335,"column":92}},"563":{"start":{"line":1336,"column":6},"end":{"line":1336,"column":19}},"564":{"start":{"line":1339,"column":4},"end":{"line":1365,"column":7}},"565":{"start":{"line":1340,"column":25},"end":{"line":1340,"column":86}},"566":{"start":{"line":1342,"column":27},"end":{"line":1342,"column":63}},"567":{"start":{"line":1343,"column":30},"end":{"line":1343,"column":64}},"568":{"start":{"line":1343,"column":91},"end":{"line":1349,"column":7}},"569":{"start":{"line":1351,"column":21},"end":{"line":1357,"column":7}},"570":{"start":{"line":1359,"column":6},"end":{"line":1364,"column":8}},"571":{"start":{"line":1367,"column":4},"end":{"line":1367,"column":16}},"572":{"start":{"line":1369,"column":31},"end":{"line":1453,"column":3}},"573":{"start":{"line":1370,"column":4},"end":{"line":1452,"column":7}},"574":{"start":{"line":1371,"column":36},"end":{"line":1371,"column":92}},"575":{"start":{"line":1371,"column":66},"end":{"line":1371,"column":91}},"576":{"start":{"line":1372,"column":38},"end":{"line":1375,"column":7}},"577":{"start":{"line":1373,"column":8},"end":{"line":1374,"column":105}},"578":{"start":{"line":1377,"column":6},"end":{"line":1377,"column":98}},"579":{"start":{"line":1377,"column":86},"end":{"line":1377,"column":98}},"580":{"start":{"line":1379,"column":6},"end":{"line":1379,"column":52}},"581":{"start":{"line":1380,"column":6},"end":{"line":1380,"column":72}},"582":{"start":{"line":1381,"column":6},"end":{"line":1381,"column":76}},"583":{"start":{"line":1384,"column":28},"end":{"line":1407,"column":8}},"584":{"start":{"line":1385,"column":8},"end":{"line":1397,"column":9}},"585":{"start":{"line":1386,"column":10},"end":{"line":1386,"column":63}},"586":{"start":{"line":1387,"column":10},"end":{"line":1396,"column":12}},"587":{"start":{"line":1398,"column":8},"end":{"line":1405,"column":9}},"588":{"start":{"line":1400,"column":10},"end":{"line":1400,"column":66}},"589":{"start":{"line":1401,"column":10},"end":{"line":1404,"column":12}},"590":{"start":{"line":1406,"column":8},"end":{"line":1406,"column":21}},"591":{"start":{"line":1410,"column":40},"end":{"line":1410,"column":42}},"592":{"start":{"line":1411,"column":6},"end":{"line":1417,"column":18}},"593":{"start":{"line":1412,"column":24},"end":{"line":1412,"column":60}},"594":{"start":{"line":1413,"column":8},"end":{"line":1417,"column":9}},"595":{"start":{"line":1414,"column":10},"end":{"line":1414,"column":57}},"596":{"start":{"line":1416,"column":10},"end":{"line":1416,"column":79}},"597":{"start":{"line":1420,"column":29},"end":{"line":1420,"column":83}},"598":{"start":{"line":1421,"column":28},"end":{"line":1423,"column":7}},"599":{"start":{"line":1422,"column":8},"end":{"line":1422,"column":91}},"600":{"start":{"line":1422,"column":62},"end":{"line":1422,"column":90}},"601":{"start":{"line":1424,"column":29},"end":{"line":1426,"column":7}},"602":{"start":{"line":1425,"column":8},"end":{"line":1425,"column":94}},"603":{"start":{"line":1425,"column":64},"end":{"line":1425,"column":92}},"604":{"start":{"line":1429,"column":28},"end":{"line":1435,"column":9}},"605":{"start":{"line":1429,"column":52},"end":{"line":1435,"column":7}},"606":{"start":{"line":1437,"column":36},"end":{"line":1437,"column":98}},"607":{"start":{"line":1440,"column":40},"end":{"line":1440,"column":42}},"608":{"start":{"line":1442,"column":6},"end":{"line":1451,"column":8}},"609":{"start":{"line":1454,"column":39},"end":{"line":1493,"column":3}},"610":{"start":{"line":1455,"column":4},"end":{"line":1492,"column":7}},"611":{"start":{"line":1457,"column":28},"end":{"line":1463,"column":9}},"612":{"start":{"line":1457,"column":55},"end":{"line":1463,"column":7}},"613":{"start":{"line":1466,"column":36},"end":{"line":1466,"column":98}},"614":{"start":{"line":1469,"column":40},"end":{"line":1469,"column":42}},"615":{"start":{"line":1470,"column":42},"end":{"line":1470,"column":44}},"616":{"start":{"line":1473,"column":28},"end":{"line":1481,"column":8}},"617":{"start":{"line":1474,"column":8},"end":{"line":1479,"column":9}},"618":{"start":{"line":1475,"column":10},"end":{"line":1478,"column":12}},"619":{"start":{"line":1480,"column":8},"end":{"line":1480,"column":21}},"620":{"start":{"line":1483,"column":6},"end":{"line":1491,"column":8}},"621":{"start":{"line":1497,"column":40},"end":{"line":1512,"column":3}},"622":{"start":{"line":1498,"column":29},"end":{"line":1501,"column":6}},"623":{"start":{"line":1499,"column":36},"end":{"line":1499,"column":55}},"624":{"start":{"line":1500,"column":6},"end":{"line":1500,"column":35}},"625":{"start":{"line":1501,"column":11},"end":{"line":1504,"column":5}},"626":{"start":{"line":1502,"column":31},"end":{"line":1502,"column":86}},"627":{"start":{"line":1502,"column":63},"end":{"line":1502,"column":85}},"628":{"start":{"line":1503,"column":6},"end":{"line":1503,"column":92}},"629":{"start":{"line":1503,"column":58},"end":{"line":1503,"column":90}},"630":{"start":{"line":1506,"column":4},"end":{"line":1509,"column":5}},"631":{"start":{"line":1507,"column":38},"end":{"line":1507,"column":94}},"632":{"start":{"line":1507,"column":73},"end":{"line":1507,"column":93}},"633":{"start":{"line":1508,"column":6},"end":{"line":1508,"column":99}},"634":{"start":{"line":1508,"column":58},"end":{"line":1508,"column":97}},"635":{"start":{"line":1511,"column":4},"end":{"line":1511,"column":30}},"636":{"start":{"line":1515,"column":23},"end":{"line":1524,"column":3}},"637":{"start":{"line":1516,"column":21},"end":{"line":1516,"column":31}},"638":{"start":{"line":1517,"column":23},"end":{"line":1517,"column":38}},"639":{"start":{"line":1518,"column":4},"end":{"line":1522,"column":5}},"640":{"start":{"line":1519,"column":6},"end":{"line":1519,"column":61}},"641":{"start":{"line":1520,"column":6},"end":{"line":1520,"column":21}},"642":{"start":{"line":1521,"column":6},"end":{"line":1521,"column":104}},"643":{"start":{"line":1523,"column":4},"end":{"line":1523,"column":20}},"644":{"start":{"line":1527,"column":38},"end":{"line":1549,"column":3}},"645":{"start":{"line":1528,"column":31},"end":{"line":1528,"column":79}},"646":{"start":{"line":1530,"column":4},"end":{"line":1538,"column":5}},"647":{"start":{"line":1532,"column":6},"end":{"line":1536,"column":10}},"648":{"start":{"line":1532,"column":24},"end":{"line":1536,"column":7}},"649":{"start":{"line":1537,"column":6},"end":{"line":1537,"column":13}},"650":{"start":{"line":1541,"column":21},"end":{"line":1541,"column":53}},"651":{"start":{"line":1542,"column":21},"end":{"line":1542,"column":68}},"652":{"start":{"line":1544,"column":4},"end":{"line":1548,"column":8}},"653":{"start":{"line":1544,"column":22},"end":{"line":1548,"column":5}},"654":{"start":{"line":1551,"column":34},"end":{"line":1555,"column":3}},"655":{"start":{"line":1552,"column":4},"end":{"line":1552,"column":98}},"656":{"start":{"line":1552,"column":86},"end":{"line":1552,"column":98}},"657":{"start":{"line":1553,"column":4},"end":{"line":1553,"column":55}},"658":{"start":{"line":1553,"column":42},"end":{"line":1553,"column":55}},"659":{"start":{"line":1554,"column":4},"end":{"line":1554,"column":90}},"660":{"start":{"line":1556,"column":41},"end":{"line":1567,"column":3}},"661":{"start":{"line":1557,"column":4},"end":{"line":1557,"column":83}},"662":{"start":{"line":1557,"column":76},"end":{"line":1557,"column":83}},"663":{"start":{"line":1559,"column":35},"end":{"line":1559,"column":95}},"664":{"start":{"line":1559,"column":75},"end":{"line":1559,"column":94}},"665":{"start":{"line":1561,"column":4},"end":{"line":1566,"column":5}},"666":{"start":{"line":1562,"column":6},"end":{"line":1565,"column":10}},"667":{"start":{"line":1562,"column":24},"end":{"line":1565,"column":7}},"668":{"start":{"line":1571,"column":39},"end":{"line":1585,"column":3}},"669":{"start":{"line":1572,"column":28},"end":{"line":1575,"column":6}},"670":{"start":{"line":1573,"column":36},"end":{"line":1573,"column":58}},"671":{"start":{"line":1574,"column":6},"end":{"line":1574,"column":35}},"672":{"start":{"line":1577,"column":4},"end":{"line":1582,"column":5}},"673":{"start":{"line":1578,"column":27},"end":{"line":1580,"column":45}},"674":{"start":{"line":1579,"column":25},"end":{"line":1579,"column":51}},"675":{"start":{"line":1580,"column":22},"end":{"line":1580,"column":44}},"676":{"start":{"line":1581,"column":6},"end":{"line":1581,"column":92}},"677":{"start":{"line":1581,"column":59},"end":{"line":1581,"column":90}},"678":{"start":{"line":1584,"column":4},"end":{"line":1584,"column":29}},"679":{"start":{"line":1588,"column":31},"end":{"line":1610,"column":3}},"680":{"start":{"line":1589,"column":30},"end":{"line":1589,"column":77}},"681":{"start":{"line":1591,"column":4},"end":{"line":1599,"column":5}},"682":{"start":{"line":1593,"column":6},"end":{"line":1597,"column":10}},"683":{"start":{"line":1593,"column":24},"end":{"line":1597,"column":7}},"684":{"start":{"line":1598,"column":6},"end":{"line":1598,"column":13}},"685":{"start":{"line":1602,"column":19},"end":{"line":1602,"column":87}},"686":{"start":{"line":1602,"column":57},"end":{"line":1602,"column":86}},"687":{"start":{"line":1603,"column":21},"end":{"line":1603,"column":64}},"688":{"start":{"line":1605,"column":4},"end":{"line":1609,"column":8}},"689":{"start":{"line":1605,"column":22},"end":{"line":1609,"column":5}},"690":{"start":{"line":1613,"column":38},"end":{"line":1617,"column":3}},"691":{"start":{"line":1614,"column":4},"end":{"line":1614,"column":84}},"692":{"start":{"line":1614,"column":72},"end":{"line":1614,"column":84}},"693":{"start":{"line":1615,"column":4},"end":{"line":1615,"column":48}},"694":{"start":{"line":1615,"column":35},"end":{"line":1615,"column":48}},"695":{"start":{"line":1616,"column":4},"end":{"line":1616,"column":76}},"696":{"start":{"line":1620,"column":37},"end":{"line":1630,"column":3}},"697":{"start":{"line":1621,"column":4},"end":{"line":1621,"column":69}},"698":{"start":{"line":1621,"column":62},"end":{"line":1621,"column":69}},"699":{"start":{"line":1623,"column":35},"end":{"line":1623,"column":94}},"700":{"start":{"line":1623,"column":71},"end":{"line":1623,"column":93}},"701":{"start":{"line":1625,"column":4},"end":{"line":1629,"column":5}},"702":{"start":{"line":1626,"column":6},"end":{"line":1628,"column":10}},"703":{"start":{"line":1626,"column":24},"end":{"line":1628,"column":7}},"704":{"start":{"line":1632,"column":16},"end":{"line":1645,"column":3}},"705":{"start":{"line":1647,"column":2},"end":{"line":1647,"column":79}}},"fnMap":{"0":{"name":"(anonymous_0)","decl":{"start":{"line":27,"column":28},"end":{"line":27,"column":29}},"loc":{"start":{"line":27,"column":58},"end":{"line":35,"column":1}},"line":27},"1":{"name":"(anonymous_1)","decl":{"start":{"line":29,"column":19},"end":{"line":29,"column":20}},"loc":{"start":{"line":29,"column":34},"end":{"line":33,"column":3}},"line":29},"2":{"name":"(anonymous_2)","decl":{"start":{"line":30,"column":27},"end":{"line":30,"column":28}},"loc":{"start":{"line":30,"column":39},"end":{"line":30,"column":69}},"line":30},"3":{"name":"(anonymous_3)","decl":{"start":{"line":38,"column":33},"end":{"line":38,"column":34}},"loc":{"start":{"line":38,"column":44},"end":{"line":81,"column":1}},"line":38},"4":{"name":"(anonymous_4)","decl":{"start":{"line":84,"column":43},"end":{"line":84,"column":44}},"loc":{"start":{"line":84,"column":49},"end":{"line":113,"column":1}},"line":84},"5":{"name":"(anonymous_5)","decl":{"start":{"line":85,"column":11},"end":{"line":85,"column":12}},"loc":{"start":{"line":85,"column":19},"end":{"line":112,"column":3}},"line":85},"6":{"name":"(anonymous_6)","decl":{"start":{"line":87,"column":48},"end":{"line":87,"column":49}},"loc":{"start":{"line":87,"column":57},"end":{"line":103,"column":5}},"line":87},"7":{"name":"(anonymous_7)","decl":{"start":{"line":115,"column":35},"end":{"line":115,"column":36}},"loc":{"start":{"line":115,"column":56},"end":{"line":133,"column":1}},"line":115},"8":{"name":"(anonymous_8)","decl":{"start":{"line":135,"column":33},"end":{"line":135,"column":34}},"loc":{"start":{"line":135,"column":66},"end":{"line":195,"column":1}},"line":135},"9":{"name":"(anonymous_9)","decl":{"start":{"line":174,"column":15},"end":{"line":174,"column":16}},"loc":{"start":{"line":174,"column":26},"end":{"line":174,"column":64}},"line":174},"10":{"name":"(anonymous_10)","decl":{"start":{"line":174,"column":42},"end":{"line":174,"column":43}},"loc":{"start":{"line":174,"column":47},"end":{"line":174,"column":63}},"line":174},"11":{"name":"(anonymous_11)","decl":{"start":{"line":178,"column":62},"end":{"line":178,"column":63}},"loc":{"start":{"line":179,"column":12},"end":{"line":179,"column":53}},"line":179},"12":{"name":"(anonymous_12)","decl":{"start":{"line":197,"column":31},"end":{"line":197,"column":32}},"loc":{"start":{"line":197,"column":44},"end":{"line":216,"column":1}},"line":197},"13":{"name":"(anonymous_13)","decl":{"start":{"line":247,"column":28},"end":{"line":247,"column":29}},"loc":{"start":{"line":247,"column":58},"end":{"line":1648,"column":1}},"line":247},"14":{"name":"(anonymous_14)","decl":{"start":{"line":257,"column":12},"end":{"line":257,"column":13}},"loc":{"start":{"line":257,"column":18},"end":{"line":301,"column":3}},"line":257},"15":{"name":"(anonymous_15)","decl":{"start":{"line":258,"column":22},"end":{"line":258,"column":23}},"loc":{"start":{"line":258,"column":34},"end":{"line":281,"column":5}},"line":258},"16":{"name":"(anonymous_16)","decl":{"start":{"line":267,"column":47},"end":{"line":267,"column":48}},"loc":{"start":{"line":268,"column":14},"end":{"line":268,"column":71}},"line":268},"17":{"name":"(anonymous_17)","decl":{"start":{"line":268,"column":44},"end":{"line":268,"column":45}},"loc":{"start":{"line":268,"column":53},"end":{"line":268,"column":70}},"line":268},"18":{"name":"(anonymous_18)","decl":{"start":{"line":272,"column":19},"end":{"line":272,"column":20}},"loc":{"start":{"line":272,"column":33},"end":{"line":272,"column":64}},"line":272},"19":{"name":"(anonymous_19)","decl":{"start":{"line":282,"column":29},"end":{"line":282,"column":30}},"loc":{"start":{"line":282,"column":41},"end":{"line":298,"column":5}},"line":282},"20":{"name":"(anonymous_20)","decl":{"start":{"line":302,"column":12},"end":{"line":302,"column":13}},"loc":{"start":{"line":302,"column":18},"end":{"line":307,"column":3}},"line":302},"21":{"name":"(anonymous_21)","decl":{"start":{"line":307,"column":37},"end":{"line":307,"column":38}},"loc":{"start":{"line":307,"column":43},"end":{"line":396,"column":3}},"line":307},"22":{"name":"(anonymous_22)","decl":{"start":{"line":309,"column":33},"end":{"line":309,"column":34}},"loc":{"start":{"line":309,"column":39},"end":{"line":394,"column":5}},"line":309},"23":{"name":"(anonymous_23)","decl":{"start":{"line":310,"column":15},"end":{"line":310,"column":16}},"loc":{"start":{"line":310,"column":28},"end":{"line":392,"column":7}},"line":310},"24":{"name":"(anonymous_24)","decl":{"start":{"line":323,"column":36},"end":{"line":323,"column":37}},"loc":{"start":{"line":323,"column":49},"end":{"line":369,"column":11}},"line":323},"25":{"name":"(anonymous_25)","decl":{"start":{"line":325,"column":43},"end":{"line":325,"column":44}},"loc":{"start":{"line":325,"column":48},"end":{"line":325,"column":66}},"line":325},"26":{"name":"(anonymous_26)","decl":{"start":{"line":335,"column":44},"end":{"line":335,"column":45}},"loc":{"start":{"line":335,"column":49},"end":{"line":350,"column":15}},"line":335},"27":{"name":"(anonymous_27)","decl":{"start":{"line":352,"column":64},"end":{"line":352,"column":65}},"loc":{"start":{"line":352,"column":69},"end":{"line":352,"column":105}},"line":352},"28":{"name":"(anonymous_28)","decl":{"start":{"line":353,"column":61},"end":{"line":353,"column":62}},"loc":{"start":{"line":353,"column":66},"end":{"line":353,"column":103}},"line":353},"29":{"name":"(anonymous_29)","decl":{"start":{"line":355,"column":58},"end":{"line":355,"column":59}},"loc":{"start":{"line":355,"column":64},"end":{"line":361,"column":19}},"line":355},"30":{"name":"(anonymous_30)","decl":{"start":{"line":372,"column":51},"end":{"line":372,"column":52}},"loc":{"start":{"line":372,"column":60},"end":{"line":382,"column":11}},"line":372},"31":{"name":"(anonymous_31)","decl":{"start":{"line":393,"column":18},"end":{"line":393,"column":19}},"loc":{"start":{"line":393,"column":31},"end":{"line":393,"column":43}},"line":393},"32":{"name":"(anonymous_32)","decl":{"start":{"line":395,"column":11},"end":{"line":395,"column":12}},"loc":{"start":{"line":395,"column":17},"end":{"line":395,"column":40}},"line":395},"33":{"name":"(anonymous_33)","decl":{"start":{"line":398,"column":12},"end":{"line":398,"column":13}},"loc":{"start":{"line":398,"column":18},"end":{"line":403,"column":3}},"line":398},"34":{"name":"(anonymous_34)","decl":{"start":{"line":404,"column":14},"end":{"line":404,"column":15}},"loc":{"start":{"line":404,"column":20},"end":{"line":437,"column":3}},"line":404},"35":{"name":"(anonymous_35)","decl":{"start":{"line":408,"column":38},"end":{"line":408,"column":39}},"loc":{"start":{"line":408,"column":44},"end":{"line":435,"column":10}},"line":408},"36":{"name":"(anonymous_36)","decl":{"start":{"line":410,"column":15},"end":{"line":410,"column":16}},"loc":{"start":{"line":410,"column":23},"end":{"line":435,"column":7}},"line":410},"37":{"name":"(anonymous_37)","decl":{"start":{"line":411,"column":59},"end":{"line":411,"column":60}},"loc":{"start":{"line":411,"column":68},"end":{"line":418,"column":9}},"line":411},"38":{"name":"(anonymous_38)","decl":{"start":{"line":417,"column":46},"end":{"line":417,"column":47}},"loc":{"start":{"line":417,"column":52},"end":{"line":417,"column":86}},"line":417},"39":{"name":"(anonymous_39)","decl":{"start":{"line":424,"column":34},"end":{"line":424,"column":35}},"loc":{"start":{"line":424,"column":43},"end":{"line":431,"column":9}},"line":424},"40":{"name":"(anonymous_40)","decl":{"start":{"line":436,"column":11},"end":{"line":436,"column":12}},"loc":{"start":{"line":436,"column":17},"end":{"line":436,"column":45}},"line":436},"41":{"name":"(anonymous_41)","decl":{"start":{"line":441,"column":25},"end":{"line":441,"column":26}},"loc":{"start":{"line":441,"column":60},"end":{"line":444,"column":3}},"line":441},"42":{"name":"(anonymous_42)","decl":{"start":{"line":443,"column":13},"end":{"line":443,"column":14}},"loc":{"start":{"line":443,"column":22},"end":{"line":443,"column":105}},"line":443},"43":{"name":"(anonymous_43)","decl":{"start":{"line":444,"column":31},"end":{"line":444,"column":32}},"loc":{"start":{"line":444,"column":37},"end":{"line":451,"column":3}},"line":444},"44":{"name":"(anonymous_44)","decl":{"start":{"line":446,"column":13},"end":{"line":446,"column":14}},"loc":{"start":{"line":446,"column":21},"end":{"line":449,"column":5}},"line":446},"45":{"name":"(anonymous_45)","decl":{"start":{"line":454,"column":32},"end":{"line":454,"column":33}},"loc":{"start":{"line":454,"column":38},"end":{"line":526,"column":10}},"line":454},"46":{"name":"(anonymous_46)","decl":{"start":{"line":455,"column":13},"end":{"line":455,"column":14}},"loc":{"start":{"line":455,"column":21},"end":{"line":526,"column":5}},"line":455},"47":{"name":"(anonymous_47)","decl":{"start":{"line":462,"column":50},"end":{"line":462,"column":51}},"loc":{"start":{"line":462,"column":67},"end":{"line":462,"column":92}},"line":462},"48":{"name":"(anonymous_48)","decl":{"start":{"line":471,"column":52},"end":{"line":471,"column":53}},"loc":{"start":{"line":471,"column":60},"end":{"line":511,"column":9}},"line":471},"49":{"name":"(anonymous_49)","decl":{"start":{"line":494,"column":64},"end":{"line":494,"column":65}},"loc":{"start":{"line":495,"column":22},"end":{"line":495,"column":90}},"line":495},"50":{"name":"(anonymous_50)","decl":{"start":{"line":528,"column":16},"end":{"line":528,"column":17}},"loc":{"start":{"line":528,"column":28},"end":{"line":541,"column":3}},"line":528},"51":{"name":"(anonymous_51)","decl":{"start":{"line":529,"column":13},"end":{"line":529,"column":14}},"loc":{"start":{"line":529,"column":21},"end":{"line":540,"column":5}},"line":529},"52":{"name":"(anonymous_52)","decl":{"start":{"line":543,"column":29},"end":{"line":543,"column":30}},"loc":{"start":{"line":543,"column":43},"end":{"line":548,"column":3}},"line":543},"53":{"name":"(anonymous_53)","decl":{"start":{"line":546,"column":17},"end":{"line":546,"column":18}},"loc":{"start":{"line":546,"column":26},"end":{"line":546,"column":91}},"line":546},"54":{"name":"(anonymous_54)","decl":{"start":{"line":549,"column":19},"end":{"line":549,"column":20}},"loc":{"start":{"line":549,"column":36},"end":{"line":622,"column":3}},"line":549},"55":{"name":"(anonymous_55)","decl":{"start":{"line":556,"column":48},"end":{"line":556,"column":49}},"loc":{"start":{"line":556,"column":56},"end":{"line":564,"column":5}},"line":556},"56":{"name":"(anonymous_56)","decl":{"start":{"line":581,"column":13},"end":{"line":581,"column":14}},"loc":{"start":{"line":581,"column":21},"end":{"line":619,"column":5}},"line":581},"57":{"name":"(anonymous_57)","decl":{"start":{"line":586,"column":46},"end":{"line":586,"column":47}},"loc":{"start":{"line":587,"column":10},"end":{"line":589,"column":19}},"line":587},"58":{"name":"(anonymous_58)","decl":{"start":{"line":626,"column":23},"end":{"line":626,"column":24}},"loc":{"start":{"line":626,"column":40},"end":{"line":683,"column":3}},"line":626},"59":{"name":"(anonymous_59)","decl":{"start":{"line":645,"column":19},"end":{"line":645,"column":20}},"loc":{"start":{"line":645,"column":25},"end":{"line":678,"column":11}},"line":645},"60":{"name":"(anonymous_60)","decl":{"start":{"line":653,"column":21},"end":{"line":653,"column":22}},"loc":{"start":{"line":653,"column":29},"end":{"line":675,"column":13}},"line":653},"61":{"name":"(anonymous_61)","decl":{"start":{"line":655,"column":65},"end":{"line":655,"column":66}},"loc":{"start":{"line":655,"column":73},"end":{"line":655,"column":99}},"line":655},"62":{"name":"(anonymous_62)","decl":{"start":{"line":659,"column":60},"end":{"line":659,"column":61}},"loc":{"start":{"line":660,"column":18},"end":{"line":660,"column":93}},"line":660},"63":{"name":"(anonymous_63)","decl":{"start":{"line":685,"column":22},"end":{"line":685,"column":23}},"loc":{"start":{"line":685,"column":43},"end":{"line":744,"column":3}},"line":685},"64":{"name":"(anonymous_64)","decl":{"start":{"line":698,"column":13},"end":{"line":698,"column":14}},"loc":{"start":{"line":698,"column":21},"end":{"line":736,"column":5}},"line":698},"65":{"name":"(anonymous_65)","decl":{"start":{"line":746,"column":18},"end":{"line":746,"column":19}},"loc":{"start":{"line":746,"column":39},"end":{"line":805,"column":3}},"line":746},"66":{"name":"(anonymous_66)","decl":{"start":{"line":759,"column":13},"end":{"line":759,"column":14}},"loc":{"start":{"line":759,"column":21},"end":{"line":794,"column":5}},"line":759},"67":{"name":"(anonymous_67)","decl":{"start":{"line":807,"column":31},"end":{"line":807,"column":32}},"loc":{"start":{"line":807,"column":80},"end":{"line":874,"column":3}},"line":807},"68":{"name":"(anonymous_68)","decl":{"start":{"line":817,"column":18},"end":{"line":817,"column":19}},"loc":{"start":{"line":817,"column":26},"end":{"line":871,"column":5}},"line":817},"69":{"name":"(anonymous_69)","decl":{"start":{"line":876,"column":35},"end":{"line":876,"column":36}},"loc":{"start":{"line":876,"column":53},"end":{"line":881,"column":3}},"line":876},"70":{"name":"(anonymous_70)","decl":{"start":{"line":878,"column":27},"end":{"line":878,"column":28}},"loc":{"start":{"line":878,"column":45},"end":{"line":878,"column":67}},"line":878},"71":{"name":"(anonymous_71)","decl":{"start":{"line":882,"column":26},"end":{"line":882,"column":27}},"loc":{"start":{"line":882,"column":58},"end":{"line":968,"column":3}},"line":882},"72":{"name":"(anonymous_72)","decl":{"start":{"line":900,"column":65},"end":{"line":900,"column":66}},"loc":{"start":{"line":901,"column":6},"end":{"line":902,"column":57}},"line":901},"73":{"name":"(anonymous_73)","decl":{"start":{"line":902,"column":30},"end":{"line":902,"column":31}},"loc":{"start":{"line":902,"column":39},"end":{"line":902,"column":56}},"line":902},"74":{"name":"(anonymous_74)","decl":{"start":{"line":918,"column":13},"end":{"line":918,"column":14}},"loc":{"start":{"line":918,"column":21},"end":{"line":958,"column":5}},"line":918},"75":{"name":"(anonymous_75)","decl":{"start":{"line":931,"column":56},"end":{"line":931,"column":57}},"loc":{"start":{"line":932,"column":8},"end":{"line":940,"column":13}},"line":932},"76":{"name":"(anonymous_76)","decl":{"start":{"line":970,"column":32},"end":{"line":970,"column":33}},"loc":{"start":{"line":970,"column":56},"end":{"line":1019,"column":3}},"line":970},"77":{"name":"(anonymous_77)","decl":{"start":{"line":972,"column":64},"end":{"line":972,"column":65}},"loc":{"start":{"line":972,"column":70},"end":{"line":972,"column":116}},"line":972},"78":{"name":"(anonymous_78)","decl":{"start":{"line":977,"column":13},"end":{"line":977,"column":14}},"loc":{"start":{"line":977,"column":21},"end":{"line":1017,"column":5}},"line":977},"79":{"name":"(anonymous_79)","decl":{"start":{"line":978,"column":50},"end":{"line":978,"column":51}},"loc":{"start":{"line":978,"column":55},"end":{"line":989,"column":7}},"line":978},"80":{"name":"(anonymous_80)","decl":{"start":{"line":1021,"column":22},"end":{"line":1021,"column":23}},"loc":{"start":{"line":1021,"column":48},"end":{"line":1102,"column":3}},"line":1021},"81":{"name":"(anonymous_81)","decl":{"start":{"line":1023,"column":42},"end":{"line":1023,"column":43}},"loc":{"start":{"line":1023,"column":47},"end":{"line":1023,"column":63}},"line":1023},"82":{"name":"(anonymous_82)","decl":{"start":{"line":1035,"column":37},"end":{"line":1035,"column":38}},"loc":{"start":{"line":1035,"column":43},"end":{"line":1035,"column":89}},"line":1035},"83":{"name":"(anonymous_83)","decl":{"start":{"line":1038,"column":18},"end":{"line":1038,"column":19}},"loc":{"start":{"line":1038,"column":26},"end":{"line":1099,"column":5}},"line":1038},"84":{"name":"(anonymous_84)","decl":{"start":{"line":1080,"column":53},"end":{"line":1080,"column":54}},"loc":{"start":{"line":1080,"column":58},"end":{"line":1080,"column":75}},"line":1080},"85":{"name":"(anonymous_85)","decl":{"start":{"line":1088,"column":19},"end":{"line":1088,"column":20}},"loc":{"start":{"line":1088,"column":25},"end":{"line":1088,"column":40}},"line":1088},"86":{"name":"(anonymous_86)","decl":{"start":{"line":1103,"column":23},"end":{"line":1103,"column":24}},"loc":{"start":{"line":1103,"column":43},"end":{"line":1149,"column":3}},"line":1103},"87":{"name":"(anonymous_87)","decl":{"start":{"line":1107,"column":42},"end":{"line":1107,"column":43}},"loc":{"start":{"line":1107,"column":47},"end":{"line":1107,"column":63}},"line":1107},"88":{"name":"(anonymous_88)","decl":{"start":{"line":1119,"column":13},"end":{"line":1119,"column":14}},"loc":{"start":{"line":1119,"column":21},"end":{"line":1146,"column":5}},"line":1119},"89":{"name":"(anonymous_89)","decl":{"start":{"line":1120,"column":50},"end":{"line":1120,"column":51}},"loc":{"start":{"line":1120,"column":55},"end":{"line":1130,"column":7}},"line":1120},"90":{"name":"(anonymous_90)","decl":{"start":{"line":1149,"column":32},"end":{"line":1149,"column":33}},"loc":{"start":{"line":1149,"column":89},"end":{"line":1236,"column":3}},"line":1149},"91":{"name":"(anonymous_91)","decl":{"start":{"line":1159,"column":57},"end":{"line":1159,"column":58}},"loc":{"start":{"line":1160,"column":6},"end":{"line":1160,"column":72}},"line":1160},"92":{"name":"(anonymous_92)","decl":{"start":{"line":1170,"column":13},"end":{"line":1170,"column":14}},"loc":{"start":{"line":1170,"column":21},"end":{"line":1233,"column":5}},"line":1170},"93":{"name":"(anonymous_93)","decl":{"start":{"line":1171,"column":50},"end":{"line":1171,"column":51}},"loc":{"start":{"line":1171,"column":60},"end":{"line":1174,"column":7}},"line":1171},"94":{"name":"(anonymous_94)","decl":{"start":{"line":1177,"column":57},"end":{"line":1177,"column":58}},"loc":{"start":{"line":1177,"column":75},"end":{"line":1177,"column":97}},"line":1177},"95":{"name":"(anonymous_95)","decl":{"start":{"line":1194,"column":50},"end":{"line":1194,"column":51}},"loc":{"start":{"line":1195,"column":8},"end":{"line":1195,"column":74}},"line":1195},"96":{"name":"(anonymous_96)","decl":{"start":{"line":1238,"column":35},"end":{"line":1238,"column":36}},"loc":{"start":{"line":1238,"column":50},"end":{"line":1331,"column":3}},"line":1238},"97":{"name":"(anonymous_97)","decl":{"start":{"line":1239,"column":13},"end":{"line":1239,"column":14}},"loc":{"start":{"line":1239,"column":21},"end":{"line":1330,"column":5}},"line":1239},"98":{"name":"(anonymous_98)","decl":{"start":{"line":1277,"column":52},"end":{"line":1277,"column":53}},"loc":{"start":{"line":1277,"column":61},"end":{"line":1302,"column":9}},"line":1277},"99":{"name":"(anonymous_99)","decl":{"start":{"line":1280,"column":69},"end":{"line":1280,"column":70}},"loc":{"start":{"line":1280,"column":87},"end":{"line":1280,"column":105}},"line":1280},"100":{"name":"(anonymous_100)","decl":{"start":{"line":1303,"column":54},"end":{"line":1303,"column":55}},"loc":{"start":{"line":1303,"column":59},"end":{"line":1303,"column":95}},"line":1303},"101":{"name":"(anonymous_101)","decl":{"start":{"line":1304,"column":55},"end":{"line":1304,"column":56}},"loc":{"start":{"line":1304,"column":60},"end":{"line":1304,"column":97}},"line":1304},"102":{"name":"(anonymous_102)","decl":{"start":{"line":1307,"column":48},"end":{"line":1307,"column":49}},"loc":{"start":{"line":1307,"column":54},"end":{"line":1313,"column":9}},"line":1307},"103":{"name":"(anonymous_103)","decl":{"start":{"line":1333,"column":20},"end":{"line":1333,"column":21}},"loc":{"start":{"line":1333,"column":39},"end":{"line":1368,"column":3}},"line":1333},"104":{"name":"(anonymous_104)","decl":{"start":{"line":1339,"column":13},"end":{"line":1339,"column":14}},"loc":{"start":{"line":1339,"column":21},"end":{"line":1365,"column":5}},"line":1339},"105":{"name":"(anonymous_105)","decl":{"start":{"line":1369,"column":31},"end":{"line":1369,"column":32}},"loc":{"start":{"line":1369,"column":37},"end":{"line":1453,"column":3}},"line":1369},"106":{"name":"(anonymous_106)","decl":{"start":{"line":1370,"column":13},"end":{"line":1370,"column":14}},"loc":{"start":{"line":1370,"column":21},"end":{"line":1452,"column":5}},"line":1370},"107":{"name":"(anonymous_107)","decl":{"start":{"line":1371,"column":61},"end":{"line":1371,"column":62}},"loc":{"start":{"line":1371,"column":66},"end":{"line":1371,"column":91}},"line":1371},"108":{"name":"(anonymous_108)","decl":{"start":{"line":1372,"column":63},"end":{"line":1372,"column":64}},"loc":{"start":{"line":1373,"column":8},"end":{"line":1374,"column":105}},"line":1373},"109":{"name":"(anonymous_109)","decl":{"start":{"line":1384,"column":50},"end":{"line":1384,"column":51}},"loc":{"start":{"line":1384,"column":59},"end":{"line":1407,"column":7}},"line":1384},"110":{"name":"(anonymous_110)","decl":{"start":{"line":1411,"column":53},"end":{"line":1411,"column":54}},"loc":{"start":{"line":1411,"column":66},"end":{"line":1417,"column":16}},"line":1411},"111":{"name":"(anonymous_111)","decl":{"start":{"line":1421,"column":52},"end":{"line":1421,"column":53}},"loc":{"start":{"line":1422,"column":8},"end":{"line":1422,"column":91}},"line":1422},"112":{"name":"(anonymous_112)","decl":{"start":{"line":1422,"column":57},"end":{"line":1422,"column":58}},"loc":{"start":{"line":1422,"column":62},"end":{"line":1422,"column":90}},"line":1422},"113":{"name":"(anonymous_113)","decl":{"start":{"line":1424,"column":53},"end":{"line":1424,"column":54}},"loc":{"start":{"line":1425,"column":8},"end":{"line":1425,"column":94}},"line":1425},"114":{"name":"(anonymous_114)","decl":{"start":{"line":1425,"column":59},"end":{"line":1425,"column":60}},"loc":{"start":{"line":1425,"column":64},"end":{"line":1425,"column":92}},"line":1425},"115":{"name":"(anonymous_115)","decl":{"start":{"line":1429,"column":46},"end":{"line":1429,"column":47}},"loc":{"start":{"line":1429,"column":52},"end":{"line":1435,"column":7}},"line":1429},"116":{"name":"(anonymous_116)","decl":{"start":{"line":1454,"column":39},"end":{"line":1454,"column":40}},"loc":{"start":{"line":1454,"column":45},"end":{"line":1493,"column":3}},"line":1454},"117":{"name":"(anonymous_117)","decl":{"start":{"line":1455,"column":13},"end":{"line":1455,"column":14}},"loc":{"start":{"line":1455,"column":21},"end":{"line":1492,"column":5}},"line":1455},"118":{"name":"(anonymous_118)","decl":{"start":{"line":1457,"column":49},"end":{"line":1457,"column":50}},"loc":{"start":{"line":1457,"column":55},"end":{"line":1463,"column":7}},"line":1457},"119":{"name":"(anonymous_119)","decl":{"start":{"line":1473,"column":50},"end":{"line":1473,"column":51}},"loc":{"start":{"line":1473,"column":59},"end":{"line":1481,"column":7}},"line":1473},"120":{"name":"(anonymous_120)","decl":{"start":{"line":1497,"column":40},"end":{"line":1497,"column":41}},"loc":{"start":{"line":1497,"column":92},"end":{"line":1512,"column":3}},"line":1497},"121":{"name":"(anonymous_121)","decl":{"start":{"line":1498,"column":50},"end":{"line":1498,"column":51}},"loc":{"start":{"line":1498,"column":55},"end":{"line":1501,"column":5}},"line":1498},"122":{"name":"(anonymous_122)","decl":{"start":{"line":1502,"column":54},"end":{"line":1502,"column":55}},"loc":{"start":{"line":1502,"column":63},"end":{"line":1502,"column":85}},"line":1502},"123":{"name":"(anonymous_123)","decl":{"start":{"line":1503,"column":53},"end":{"line":1503,"column":54}},"loc":{"start":{"line":1503,"column":58},"end":{"line":1503,"column":90}},"line":1503},"124":{"name":"(anonymous_124)","decl":{"start":{"line":1507,"column":66},"end":{"line":1507,"column":67}},"loc":{"start":{"line":1507,"column":73},"end":{"line":1507,"column":93}},"line":1507},"125":{"name":"(anonymous_125)","decl":{"start":{"line":1508,"column":53},"end":{"line":1508,"column":54}},"loc":{"start":{"line":1508,"column":58},"end":{"line":1508,"column":97}},"line":1508},"126":{"name":"(anonymous_126)","decl":{"start":{"line":1515,"column":23},"end":{"line":1515,"column":24}},"loc":{"start":{"line":1515,"column":34},"end":{"line":1524,"column":3}},"line":1515},"127":{"name":"(anonymous_127)","decl":{"start":{"line":1527,"column":38},"end":{"line":1527,"column":39}},"loc":{"start":{"line":1527,"column":44},"end":{"line":1549,"column":3}},"line":1527},"128":{"name":"(anonymous_128)","decl":{"start":{"line":1532,"column":15},"end":{"line":1532,"column":16}},"loc":{"start":{"line":1532,"column":24},"end":{"line":1536,"column":7}},"line":1532},"129":{"name":"(anonymous_129)","decl":{"start":{"line":1544,"column":13},"end":{"line":1544,"column":14}},"loc":{"start":{"line":1544,"column":22},"end":{"line":1548,"column":5}},"line":1544},"130":{"name":"(anonymous_130)","decl":{"start":{"line":1551,"column":34},"end":{"line":1551,"column":35}},"loc":{"start":{"line":1551,"column":40},"end":{"line":1555,"column":3}},"line":1551},"131":{"name":"(anonymous_131)","decl":{"start":{"line":1556,"column":41},"end":{"line":1556,"column":42}},"loc":{"start":{"line":1556,"column":57},"end":{"line":1567,"column":3}},"line":1556},"132":{"name":"(anonymous_132)","decl":{"start":{"line":1559,"column":70},"end":{"line":1559,"column":71}},"loc":{"start":{"line":1559,"column":75},"end":{"line":1559,"column":94}},"line":1559},"133":{"name":"(anonymous_133)","decl":{"start":{"line":1562,"column":15},"end":{"line":1562,"column":16}},"loc":{"start":{"line":1562,"column":24},"end":{"line":1565,"column":7}},"line":1562},"134":{"name":"(anonymous_134)","decl":{"start":{"line":1571,"column":39},"end":{"line":1571,"column":40}},"loc":{"start":{"line":1571,"column":71},"end":{"line":1585,"column":3}},"line":1571},"135":{"name":"(anonymous_135)","decl":{"start":{"line":1572,"column":50},"end":{"line":1572,"column":51}},"loc":{"start":{"line":1572,"column":58},"end":{"line":1575,"column":5}},"line":1572},"136":{"name":"(anonymous_136)","decl":{"start":{"line":1579,"column":16},"end":{"line":1579,"column":17}},"loc":{"start":{"line":1579,"column":25},"end":{"line":1579,"column":51}},"line":1579},"137":{"name":"(anonymous_137)","decl":{"start":{"line":1580,"column":13},"end":{"line":1580,"column":14}},"loc":{"start":{"line":1580,"column":22},"end":{"line":1580,"column":44}},"line":1580},"138":{"name":"(anonymous_138)","decl":{"start":{"line":1581,"column":51},"end":{"line":1581,"column":52}},"loc":{"start":{"line":1581,"column":59},"end":{"line":1581,"column":90}},"line":1581},"139":{"name":"(anonymous_139)","decl":{"start":{"line":1588,"column":31},"end":{"line":1588,"column":32}},"loc":{"start":{"line":1588,"column":37},"end":{"line":1610,"column":3}},"line":1588},"140":{"name":"(anonymous_140)","decl":{"start":{"line":1593,"column":15},"end":{"line":1593,"column":16}},"loc":{"start":{"line":1593,"column":24},"end":{"line":1597,"column":7}},"line":1593},"141":{"name":"(anonymous_141)","decl":{"start":{"line":1602,"column":47},"end":{"line":1602,"column":48}},"loc":{"start":{"line":1602,"column":57},"end":{"line":1602,"column":86}},"line":1602},"142":{"name":"(anonymous_142)","decl":{"start":{"line":1605,"column":13},"end":{"line":1605,"column":14}},"loc":{"start":{"line":1605,"column":22},"end":{"line":1609,"column":5}},"line":1605},"143":{"name":"(anonymous_143)","decl":{"start":{"line":1613,"column":38},"end":{"line":1613,"column":39}},"loc":{"start":{"line":1613,"column":44},"end":{"line":1617,"column":3}},"line":1613},"144":{"name":"(anonymous_144)","decl":{"start":{"line":1620,"column":37},"end":{"line":1620,"column":38}},"loc":{"start":{"line":1620,"column":53},"end":{"line":1630,"column":3}},"line":1620},"145":{"name":"(anonymous_145)","decl":{"start":{"line":1623,"column":63},"end":{"line":1623,"column":64}},"loc":{"start":{"line":1623,"column":71},"end":{"line":1623,"column":93}},"line":1623},"146":{"name":"(anonymous_146)","decl":{"start":{"line":1626,"column":15},"end":{"line":1626,"column":16}},"loc":{"start":{"line":1626,"column":24},"end":{"line":1628,"column":7}},"line":1626}},"branchMap":{"0":{"loc":{"start":{"line":30,"column":4},"end":{"line":32,"column":5}},"type":"if","locations":[{"start":{"line":30,"column":4},"end":{"line":32,"column":5}},{"start":{},"end":{}}],"line":30},"1":{"loc":{"start":{"line":39,"column":24},"end":{"line":39,"column":91}},"type":"binary-expr","locations":[{"start":{"line":39,"column":24},"end":{"line":39,"column":45}},{"start":{"line":39,"column":49},"end":{"line":39,"column":63}},{"start":{"line":39,"column":67},"end":{"line":39,"column":86}},{"start":{"line":39,"column":90},"end":{"line":39,"column":91}}],"line":39},"2":{"loc":{"start":{"line":50,"column":4},"end":{"line":56,"column":3}},"type":"if","locations":[{"start":{"line":50,"column":4},"end":{"line":56,"column":3}},{"start":{},"end":{}}],"line":50},"3":{"loc":{"start":{"line":53,"column":31},"end":{"line":53,"column":58}},"type":"binary-expr","locations":[{"start":{"line":53,"column":31},"end":{"line":53,"column":48}},{"start":{"line":53,"column":52},"end":{"line":53,"column":58}}],"line":53},"4":{"loc":{"start":{"line":59,"column":2},"end":{"line":72,"column":15}},"type":"switch","locations":[{"start":{"line":60,"column":4},"end":{"line":63,"column":12}},{"start":{"line":64,"column":4},"end":{"line":67,"column":12}},{"start":{"line":68,"column":4},"end":{"line":68,"column":20}},{"start":{"line":69,"column":4},"end":{"line":72,"column":12}
[...]
,"column":32},"end":{"line":138,"column":1}},"line":90},"8":{"name":"(anonymous_8)","decl":{"start":{"line":100,"column":55},"end":{"line":100,"column":56}},"loc":{"start":{"line":101,"column":4},"end":{"line":102,"column":49}},"line":101},"9":{"name":"(anonymous_9)","decl":{"start":{"line":102,"column":22},"end":{"line":102,"column":23}},"loc":{"start":{"line":102,"column":31},"end":{"line":102,"column":48}},"line":102},"10":{"name":"(anonymous_10)","decl":{"start":{"line":106,"column":58},"end":{"line":106,"column":59}},"loc":{"start":{"line":106,"column":63},"end":{"line":106,"column":86}},"line":106},"11":{"name":"(anonymous_11)","decl":{"start":{"line":112,"column":20},"end":{"line":112,"column":21}},"loc":{"start":{"line":112,"column":34},"end":{"line":131,"column":9}},"line":112},"12":{"name":"(anonymous_12)","decl":{"start":{"line":124,"column":25},"end":{"line":124,"column":26}},"loc":{"start":{"line":124,"column":31},"end":{"line":124,"column":46}},"line":124},"13":{"name":"(anonymous_13)","decl":{"start":{"line":132,"column":22},"end":{"line":132,"column":23}},"loc":{"start":{"line":132,"column":30},"end":{"line":132,"column":37}},"line":132},"14":{"name":"(anonymous_14)","decl":{"start":{"line":141,"column":26},"end":{"line":141,"column":27}},"loc":{"start":{"line":141,"column":46},"end":{"line":183,"column":1}},"line":141},"15":{"name":"(anonymous_15)","decl":{"start":{"line":153,"column":23},"end":{"line":153,"column":24}},"loc":{"start":{"line":154,"column":4},"end":{"line":159,"column":6}},"line":154},"16":{"name":"(anonymous_16)","decl":{"start":{"line":167,"column":63},"end":{"line":167,"column":64}},"loc":{"start":{"line":167,"column":69},"end":{"line":167,"column":88}},"line":167}},"branchMap":{"0":{"loc":{"start":{"line":53,"column":67},"end":{"line":53,"column":113}},"type":"cond-expr","locations":[{"start":{"line":53,"column":92},"end":{"line":53,"column":101}},{"start":{"line":53,"column":104},"end":{"line":53,"column":113}}],"line":53},"1":{"loc":{"start":{"line":56,"column":9},"end":{"line":63,"column":9}},"type":"binary-expr","locations":[{"start":{"line":56,"column":9},"end":{"line":56,"column":31}},{"start":{"line":57,"column":10},"end":{"line":62,"column":29}}],"line":56},"2":{"loc":{"start":{"line":70,"column":7},"end":{"line":77,"column":7}},"type":"binary-expr","locations":[{"start":{"line":70,"column":7},"end":{"line":70,"column":29}},{"start":{"line":71,"column":8},"end":{"line":76,"column":27}}],"line":70},"3":{"loc":{"start":{"line":101,"column":4},"end":{"line":102,"column":49}},"type":"binary-expr","locations":[{"start":{"line":101,"column":4},"end":{"line":101,"column":32}},{"start":{"line":102,"column":4},"end":{"line":102,"column":49}}],"line":101},"4":{"loc":{"start":{"line":115,"column":39},"end":{"line":115,"column":72}},"type":"binary-expr","locations":[{"start":{"line":115,"column":39},"end":{"line":115,"column":49}},{"start":{"line":115,"column":53},"end":{"line":115,"column":72}}],"line":115},"5":{"loc":{"start":{"line":122,"column":43},"end":{"line":122,"column":78}},"type":"binary-expr","locations":[{"start":{"line":122,"column":43},"end":{"line":122,"column":53}},{"start":{"line":122,"column":57},"end":{"line":122,"column":78}}],"line":122}},"s":{"0":0,"1":0,"2":0,"3":0,"4":0,"5":0,"6":0,"7":0,"8":0,"9":0,"10":0,"11":0,"12":0,"13":0,"14":0,"15":0,"16":0,"17":0,"18":0,"19":0,"20":0,"21":0,"22":0,"23":0,"24":0,"25":0,"26":0,"27":0,"28":0,"29":0,"30":0,"31":0,"32":0,"33":0,"34":0,"35":0,"36":0},"f":{"0":0,"1":0,"2":0,"3":0,"4":0,"5":0,"6":0,"7":0,"8":0,"9":0,"10":0,"11":0,"12":0,"13":0,"14":0,"15":0,"16":0},"b":{"0":[0,0],"1":[0,0],"2":[0,0],"3":[0,0],"4":[0,0],"5":[0,0]}}
,"D:\\Cursor\\games\\tycoon-re\\src\\StaffSelectionScreen.js": {"path":"D:\\Cursor\\games\\tycoon-re\\src\\StaffSelectionScreen.js","statementMap":{"0":{"start":{"line":7,"column":29},"end":{"line":93,"column":1}},"1":{"start":{"line":8,"column":72},"end":{"line":8,"column":95}},"2":{"start":{"line":9,"column":96},"end":{"line":9,"column":108}},"3":{"start":{"line":12,"column":2},"end":{"line":19,"column":5}},"4":{"start":{"line":22,"column":25},"end":{"line":25,"column":3}},"5":{"start":{"line":23,"column":4},"end":{"line":24,"column":49}},"6":{"start":{"line":24,"column":31},"end":{"line":24,"column":48}},"7":{"start":{"line":26,"column":28},"end":{"line":40,"column":3}},"8":{"start":{"line":26,"column":50},"end":{"line":39,"column":5}},"9":{"start":{"line":28,"column":28},"end":{"line":28,"column":56}},"10":{"start":{"line":29,"column":22},"end":{"line":29,"column":89}},"11":{"start":{"line":30,"column":6},"end":{"line":32,"column":7}},"12":{"start":{"line":31,"column":8},"end":{"line":31,"column":73}},"13":{"start":{"line":35,"column":22},"end":{"line":35,"column":87}},"14":{"start":{"line":36,"column":6},"end":{"line":38,"column":7}},"15":{"start":{"line":37,"column":8},"end":{"line":37,"column":28}},"16":{"start":{"line":41,"column":28},"end":{"line":69,"column":3}},"17":{"start":{"line":42,"column":25},"end":{"line":44,"column":10}},"18":{"start":{"line":43,"column":71},"end":{"line":43,"column":93}},"19":{"start":{"line":46,"column":24},"end":{"line":46,"column":56}},"20":{"start":{"line":47,"column":22},"end":{"line":47,"column":46}},"21":{"start":{"line":49,"column":4},"end":{"line":68,"column":6}},"22":{"start":{"line":52,"column":23},"end":{"line":52,"column":46}},"23":{"start":{"line":71,"column":2},"end":{"line":92,"column":4}},"24":{"start":{"line":75,"column":41},"end":{"line":75,"column":60}},"25":{"start":{"line":83,"column":30},"end":{"line":83,"column":37}},"26":{"start":{"line":95,"column":15},"end":{"line":165,"column":2}}},"fnMap":{"0":{"name":"(anonymous_0)","decl":{"start":{"line":7,"column":29},"end":{"line":7,"column":30}},"loc":{"start":{"line":7,"column":56},"end":{"line":93,"column":1}},"line":7},"1":{"name":"(anonymous_1)","decl":{"start":{"line":22,"column":54},"end":{"line":22,"column":55}},"loc":{"start":{"line":23,"column":4},"end":{"line":24,"column":49}},"line":23},"2":{"name":"(anonymous_2)","decl":{"start":{"line":24,"column":22},"end":{"line":24,"column":23}},"loc":{"start":{"line":24,"column":31},"end":{"line":24,"column":48}},"line":24},"3":{"name":"(anonymous_3)","decl":{"start":{"line":26,"column":28},"end":{"line":26,"column":29}},"loc":{"start":{"line":26,"column":45},"end":{"line":40,"column":3}},"line":26},"4":{"name":"(anonymous_4)","decl":{"start":{"line":41,"column":28},"end":{"line":41,"column":29}},"loc":{"start":{"line":41,"column":42},"end":{"line":69,"column":3}},"line":41},"5":{"name":"(anonymous_5)","decl":{"start":{"line":43,"column":53},"end":{"line":43,"column":54}},"loc":{"start":{"line":43,"column":71},"end":{"line":43,"column":93}},"line":43},"6":{"name":"(anonymous_6)","decl":{"start":{"line":52,"column":17},"end":{"line":52,"column":18}},"loc":{"start":{"line":52,"column":23},"end":{"line":52,"column":46}},"line":52},"7":{"name":"(anonymous_7)","decl":{"start":{"line":75,"column":35},"end":{"line":75,"column":36}},"loc":{"start":{"line":75,"column":41},"end":{"line":75,"column":60}},"line":75},"8":{"name":"(anonymous_8)","decl":{"start":{"line":83,"column":22},"end":{"line":83,"column":23}},"loc":{"start":{"line":83,"column":30},"end":{"line":83,"column":37}},"line":83}},"branchMap":{"0":{"loc":{"start":{"line":15,"column":18},"end":{"line":15,"column":44}},"type":"cond-expr","locations":[{"start":{"line":15,"column":27},"end":{"line":15,"column":40}},{"start":{"line":15,"column":43},"end":{"line":15,"column":44}}],"line":15},"1":{"loc":{"start":{"line":17,"column":27},"end":{"line":17,"column":65}},"type":"cond-expr","locations":[{"start":{"line":17,"column":39},"end":{"line":17,"column":57}},{"start":{"line":17,"column":60},"end":{"line":17,"column":65}}],"line":17},"2":{"loc":{"start":{"line":18,"column":19},"end":{"line":18,"column":59}},"type":"cond-expr","locations":[{"start":{"line":18,"column":31},"end":{"line":18,"column":45}},{"start":{"line":18,"column":48},"end":{"line":18,"column":59}}],"line":18},"3":{"loc":{"start":{"line":23,"column":4},"end":{"line":24,"column":49}},"type":"binary-expr","locations":[{"start":{"line":23,"column":4},"end":{"line":23,"column":27}},{"start":{"line":24,"column":4},"end":{"line":24,"column":49}}],"line":23},"4":{"loc":{"start":{"line":26,"column":50},"end":{"line":39,"column":5}},"type":"if","locations":[{"start":{"line":26,"column":50},"end":{"line":39,"column":5}},{"start":{"line":33,"column":11},"end":{"line":39,"column":5}}],"line":26},"5":{"loc":{"start":{"line":28,"column":28},"end":{"line":28,"column":56}},"type":"binary-expr","locations":[{"start":{"line":28,"column":28},"end":{"line":28,"column":51}},{"start":{"line":28,"column":55},"end":{"line":28,"column":56}}],"line":28},"6":{"loc":{"start":{"line":30,"column":6},"end":{"line":32,"column":7}},"type":"if","locations":[{"start":{"line":30,"column":6},"end":{"line":32,"column":7}},{"start":{},"end":{}}],"line":30},"7":{"loc":{"start":{"line":36,"column":6},"end":{"line":38,"column":7}},"type":"if","locations":[{"start":{"line":36,"column":6},"end":{"line":38,"column":7}},{"start":{},"end":{}}],"line":36},"8":{"loc":{"start":{"line":42,"column":25},"end":{"line":44,"column":10}},"type":"cond-expr","locations":[{"start":{"line":43,"column":9},"end":{"line":43,"column":102}},{"start":{"line":44,"column":8},"end":{"line":44,"column":10}}],"line":42},"9":{"loc":{"start":{"line":43,"column":9},"end":{"line":43,"column":102}},"type":"cond-expr","locations":[{"start":{"line":43,"column":39},"end":{"line":43,"column":97}},{"start":{"line":43,"column":100},"end":{"line":43,"column":102}}],"line":43},"10":{"loc":{"start":{"line":43,"column":9},"end":{"line":43,"column":36}},"type":"binary-expr","locations":[{"start":{"line":43,"column":9},"end":{"line":43,"column":15}},{"start":{"line":43,"column":19},"end":{"line":43,"column":36}}],"line":43},"11":{"loc":{"start":{"line":51,"column":29},"end":{"line":51,"column":62}},"type":"binary-expr","locations":[{"start":{"line":51,"column":29},"end":{"line":51,"column":39}},{"start":{"line":51,"column":43},"end":{"line":51,"column":62}}],"line":51},"12":{"loc":{"start":{"line":66,"column":9},"end":{"line":66,"column":80}},"type":"binary-expr","locations":[{"start":{"line":66,"column":9},"end":{"line":66,"column":18}},{"start":{"line":66,"column":22},"end":{"line":66,"column":80}}],"line":66}},"s":{"0":0,"1":0,"2":0,"3":0,"4":0,"5":0,"6":0,"7":0,"8":0,"9":0,"10":0,"11":0,"12":0,"13":0,"14":0,"15":0,"16":0,"17":0,"18":0,"19":0,"20":0,"21":0,"22":0,"23":0,"24":0,"25":0,"26":0},"f":{"0":0,"1":0,"2":0,"3":0,"4":0,"5":0,"6":0,"7":0,"8":0},"b":{"0":[0,0],"1":[0,0],"2":[0,0],"3":[0,0],"4":[0,0],"5":[0,0],"6":[0,0],"7":[0,0],"8":[0,0],"9":[0,0],"10":[0,0],"11":[0,0],"12":[0,0]}}
,"D:\\Cursor\\games\\tycoon-re\\src\\TransactionModal.js": {"path":"D:\\Cursor\\games\\tycoon-re\\src\\TransactionModal.js","statementMap":{"0":{"start":{"line":6,"column":25},"end":{"line":76,"column":1}},"1":{"start":{"line":8,"column":24},"end":{"line":65,"column":3}},"2":{"start":{"line":9,"column":4},"end":{"line":64,"column":5}},"3":{"start":{"line":11,"column":8},"end":{"line":26,"column":10}},"4":{"start":{"line":28,"column":8},"end":{"line":50,"column":10}},"5":{"start":{"line":52,"column":8},"end":{"line":61,"column":10}},"6":{"start":{"line":63,"column":8},"end":{"line":63,"column":20}},"7":{"start":{"line":67,"column":2},"end":{"line":75,"column":4}},"8":{"start":{"line":79,"column":15},"end":{"line":103,"column":2}}},"fnMap":{"0":{"name":"(anonymous_0)","decl":{"start":{"line":6,"column":25},"end":{"line":6,"column":26}},"loc":{"start":{"line":6,"column":81},"end":{"line":76,"column":1}},"line":6},"1":{"name":"(anonymous_1)","decl":{"start":{"line":8,"column":24},"end":{"line":8,"column":25}},"loc":{"start":{"line":8,"column":30},"end":{"line":65,"column":3}},"line":8}},"branchMap":{"0":{"loc":{"start":{"line":9,"column":4},"end":{"line":64,"column":5}},"type":"switch","locations":[{"start":{"line":10,"column":6},"end":{"line":26,"column":10}},{"start":{"line":27,"column":6},"end":{"line":50,"column":10}},{"start":{"line":51,"column":6},"end":{"line":61,"column":10}},{"start":{"line":62,"column":6},"end":{"line":63,"column":20}}],"line":9}},"s":{"0":0,"1":0,"2":0,"3":0,"4":0,"5":0,"6":0,"7":0,"8":0},"f":{"0":0,"1":0},"b":{"0":[0,0,0,0]}}
,"D:\\Cursor\\games\\tycoon-re\\src\\TransactionSummaryScreen.js": {"path":"D:\\Cursor\\games\\tycoon-re\\src\\TransactionSummaryScreen.js","statementMap":{"0":{"start":{"line":12,"column":33},"end":{"line":97,"column":1}},"1":{"start":{"line":20,"column":6},"end":{"line":20,"column":18}},"2":{"start":{"line":22,"column":19},"end":{"line":22,"column":33}},"3":{"start":{"line":26,"column":23},"end":{"line":31,"column":3}},"4":{"start":{"line":27,"column":4},"end":{"line":30,"column":7}},"5":{"start":{"line":33,"column":2},"end":{"line":96,"column":4}},"6":{"start":{"line":99,"column":15},"end":{"line":152,"column":2}}},"fnMap":{"0":{"name":"(anonymous_0)","decl":{"start":{"line":12,"column":33},"end":{"line":12,"column":34}},"loc":{"start":{"line":12,"column":60},"end":{"line":97,"column":1}},"line":12},"1":{"name":"(anonymous_1)","decl":{"start":{"line":26,"column":23},"end":{"line":26,"column":24}},"loc":{"start":{"line":26,"column":29},"end":{"line":31,"column":3}},"line":26}},"branchMap":{"0":{"loc":{"start":{"line":36,"column":16},"end":{"line":36,"column":74}},"type":"cond-expr","locations":[{"start":{"line":36,"column":27},"end":{"line":36,"column":49}},{"start":{"line":36,"column":52},"end":{"line":36,"column":74}}],"line":36},"1":{"loc":{"start":{"line":42,"column":16},"end":{"line":42,"column":74}},"type":"cond-expr","locations":[{"start":{"line":42,"column":27},"end":{"line":42,"column":48}},{"start":{"line":42,"column":51},"end":{"line":42,"column":74}}],"line":42},"2":{"loc":{"start":{"line":47,"column":11},"end":{"line":47,"column":57}},"type":"cond-expr","locations":[{"start":{"line":47,"column":22},"end":{"line":47,"column":38}},{"start":{"line":47,"column":41},"end":{"line":47,"column":57}}],"line":47},"3":{"loc":{"start":{"line":74,"column":25},"end":{"line":74,"column":57}},"type":"cond-expr","locations":[{"start":{"line":74,"column":36},"end":{"line":74,"column":45}},{"start":{"line":74,"column":48},"end":{"line":74,"column":57}}],"line":74},"4":{"loc":{"start":{"line":77,"column":15},"end":{"line":77,"column":53}},"type":"cond-expr","locations":[{"start":{"line":77,"column":26},"end":{"line":77,"column":39}},{"start":{"line":77,"column":42},"end":{"line":77,"column":53}}],"line":77},"5":{"loc":{"start":{"line":82,"column":25},"end":{"line":82,"column":57}},"type":"cond-expr","locations":[{"start":{"line":82,"column":36},"end":{"line":82,"column":45}},{"start":{"line":82,"column":48},"end":{"line":82,"column":57}}],"line":82},"6":{"loc":{"start":{"line":85,"column":15},"end":{"line":85,"column":36}},"type":"cond-expr","locations":[{"start":{"line":85,"column":26},"end":{"line":85,"column":29}},{"start":{"line":85,"column":32},"end":{"line":85,"column":36}}],"line":85}},"s":{"0":0,"1":0,"2":0,"3":0,"4":0,"5":0,"6":0},"f":{"0":0,"1":0},"b":{"0":[0,0],"1":[0,0],"2":[0,0],"3":[0,0],"4":[0,0],"5":[0,0],"6":[0,0]}}
,"D:\\Cursor\\games\\tycoon-re\\src\\TutorialScreen.js": {"path":"D:\\Cursor\\games\\tycoon-re\\src\\TutorialScreen.js","statementMap":{"0":{"start":{"line":8,"column":22},"end":{"line":66,"column":1}},"1":{"start":{"line":69,"column":23},"end":{"line":150,"column":1}},"2":{"start":{"line":70,"column":31},"end":{"line":70,"column":54}},"3":{"start":{"line":71,"column":40},"end":{"line":71,"column":51}},"4":{"start":{"line":74,"column":20},"end":{"line":74,"column":62}},"5":{"start":{"line":77,"column":22},"end":{"line":77,"column":34}},"6":{"start":{"line":80,"column":23},"end":{"line":91,"column":3}},"7":{"start":{"line":81,"column":6},"end":{"line":90,"column":13}},"8":{"start":{"line":85,"column":14},"end":{"line":88,"column":21}},"9":{"start":{"line":93,"column":23},"end":{"line":96,"column":3}},"10":{"start":{"line":94,"column":18},"end":{"line":94,"column":71}},"11":{"start":{"line":95,"column":4},"end":{"line":95,"column":26}},"12":{"start":{"line":98,"column":27},"end":{"line":104,"column":3}},"13":{"start":{"line":99,"column":4},"end":{"line":99,"column":23}},"14":{"start":{"line":100,"column":4},"end":{"line":103,"column":7}},"15":{"start":{"line":107,"column":26},"end":{"line":118,"column":3}},"16":{"start":{"line":108,"column":23},"end":{"line":108,"column":63}},"17":{"start":{"line":110,"column":4},"end":{"line":117,"column":5}},"18":{"start":{"line":112,"column":6},"end":{"line":112,"column":25}},"19":{"start":{"line":115,"column":24},"end":{"line":115,"column":39}},"20":{"start":{"line":116,"column":6},"end":{"line":116,"column":79}},"21":{"start":{"line":119,"column":2},"end":{"line":149,"column":4}},"22":{"start":{"line":127,"column":34},"end":{"line":127,"column":62}},"23":{"start":{"line":137,"column":10},"end":{"line":137,"column":115}},"24":{"start":{"line":152,"column":15},"end":{"line":165,"column":2}}},"fnMap":{"0":{"name":"(anonymous_0)","decl":{"start":{"line":69,"column":23},"end":{"line":69,"column":24}},"loc":{"start":{"line":69,"column":43},"end":{"line":150,"column":1}},"line":69},"1":{"name":"(anonymous_1)","decl":{"start":{"line":80,"column":23},"end":{"line":80,"column":24}},"loc":{"start":{"line":81,"column":6},"end":{"line":90,"column":13}},"line":81},"2":{"name":"(anonymous_2)","decl":{"start":{"line":84,"column":26},"end":{"line":84,"column":27}},"loc":{"start":{"line":85,"column":14},"end":{"line":88,"column":21}},"line":85},"3":{"name":"(anonymous_3)","decl":{"start":{"line":93,"column":23},"end":{"line":93,"column":24}},"loc":{"start":{"line":93,"column":34},"end":{"line":96,"column":3}},"line":93},"4":{"name":"(anonymous_4)","decl":{"start":{"line":98,"column":27},"end":{"line":98,"column":28}},"loc":{"start":{"line":98,"column":33},"end":{"line":104,"column":3}},"line":98},"5":{"name":"(anonymous_5)","decl":{"start":{"line":107,"column":26},"end":{"line":107,"column":27}},"loc":{"start":{"line":107,"column":32},"end":{"line":118,"column":3}},"line":107},"6":{"name":"(anonymous_6)","decl":{"start":{"line":127,"column":20},"end":{"line":127,"column":21}},"loc":{"start":{"line":127,"column":34},"end":{"line":127,"column":62}},"line":127},"7":{"name":"(anonymous_7)","decl":{"start":{"line":136,"column":27},"end":{"line":136,"column":28}},"loc":{"start":{"line":137,"column":10},"end":{"line":137,"column":115}},"line":137}},"branchMap":{"0":{"loc":{"start":{"line":74,"column":20},"end":{"line":74,"column":62}},"type":"binary-expr","locations":[{"start":{"line":74,"column":20},"end":{"line":74,"column":44}},{"start":{"line":74,"column":48},"end":{"line":74,"column":62}}],"line":74},"1":{"loc":{"start":{"line":110,"column":4},"end":{"line":117,"column":5}},"type":"if","locations":[{"start":{"line":110,"column":4},"end":{"line":117,"column":5}},{"start":{"line":113,"column":11},"end":{"line":117,"column":5}}],"line":110},"2":{"loc":{"start":{"line":137,"column":44},"end":{"line":137,"column":81}},"type":"binary-expr","locations":[{"start":{"line":137,"column":44},"end":{"line":137,"column":61}},{"start":{"line":137,"column":65},"end":{"line":137,"column":81}}],"line":137},"3":{"loc":{"start":{"line":144,"column":11},"end":{"line":144,"column":74}},"type":"cond-expr","locations":[{"start":{"line":144,"column":54},"end":{"line":144,"column":65}},{"start":{"line":144,"column":68},"end":{"line":144,"column":74}}],"line":144}},"s":{"0":1,"1":1,"2":74,"3":72,"4":72,"5":72,"6":72,"7":0,"8":0,"9":72,"10":34,"11":34,"12":72,"13":2,"14":2,"15":72,"16":12,"17":12,"18":2,"19":10,"20":10,"21":72,"22":12,"23":360,"24":1},"f":{"0":74,"1":0,"2":0,"3":34,"4":2,"5":12,"6":12,"7":360},"b":{"0":[72,1],"1":[2,10],"2":[360,71],"3":[6,66]},"_coverageSchema":"1a1c01bbd47fc00a2c39e90264f33305004495a9","hash":"099bbe779b182b2f21dfb6bc579d1a29e2987cc7"}
}
