TN:
SF:GameContext.js
FN:27,(anonymous_0)
FN:29,(anonymous_1)
FN:30,(anonymous_2)
FN:38,(anonymous_3)
FN:84,(anonymous_4)
FN:85,(anonymous_5)
FN:87,(anonymous_6)
FN:115,(anonymous_7)
FN:135,(anonymous_8)
FN:174,(anonymous_9)
FN:174,(anonymous_10)
FN:178,(anonymous_11)
FN:197,(anonymous_12)
FN:247,(anonymous_13)
FN:257,(anonymous_14)
FN:258,(anonymous_15)
FN:267,(anonymous_16)
FN:268,(anonymous_17)
FN:272,(anonymous_18)
FN:282,(anonymous_19)
FN:302,(anonymous_20)
FN:307,(anonymous_21)
FN:309,(anonymous_22)
FN:310,(anonymous_23)
FN:323,(anonymous_24)
FN:325,(anonymous_25)
FN:335,(anonymous_26)
FN:352,(anonymous_27)
FN:353,(anonymous_28)
FN:355,(anonymous_29)
FN:372,(anonymous_30)
FN:393,(anonymous_31)
FN:395,(anonymous_32)
FN:398,(anonymous_33)
FN:404,(anonymous_34)
FN:408,(anonymous_35)
FN:410,(anonymous_36)
FN:411,(anonymous_37)
FN:417,(anonymous_38)
FN:424,(anonymous_39)
FN:436,(anonymous_40)
FN:441,(anonymous_41)
FN:443,(anonymous_42)
FN:444,(anonymous_43)
FN:446,(anonymous_44)
FN:454,(anonymous_45)
FN:455,(anonymous_46)
FN:462,(anonymous_47)
FN:471,(anonymous_48)
FN:494,(anonymous_49)
FN:528,(anonymous_50)
FN:529,(anonymous_51)
FN:543,(anonymous_52)
FN:546,(anonymous_53)
FN:549,(anonymous_54)
FN:556,(anonymous_55)
FN:581,(anonymous_56)
FN:586,(anonymous_57)
FN:626,(anonymous_58)
FN:645,(anonymous_59)
FN:653,(anonymous_60)
FN:655,(anonymous_61)
FN:659,(anonymous_62)
FN:685,(anonymous_63)
FN:698,(anonymous_64)
FN:746,(anonymous_65)
FN:759,(anonymous_66)
FN:807,(anonymous_67)
FN:817,(anonymous_68)
FN:876,(anonymous_69)
FN:878,(anonymous_70)
FN:882,(anonymous_71)
FN:900,(anonymous_72)
FN:902,(anonymous_73)
FN:918,(anonymous_74)
FN:931,(anonymous_75)
FN:970,(anonymous_76)
FN:972,(anonymous_77)
FN:977,(anonymous_78)
FN:978,(anonymous_79)
FN:1021,(anonymous_80)
FN:1023,(anonymous_81)
FN:1035,(anonymous_82)
FN:1038,(anonymous_83)
FN:1080,(anonymous_84)
FN:1088,(anonymous_85)
FN:1103,(anonymous_86)
FN:1107,(anonymous_87)
FN:1119,(anonymous_88)
FN:1120,(anonymous_89)
FN:1149,(anonymous_90)
FN:1159,(anonymous_91)
FN:1170,(anonymous_92)
FN:1171,(anonymous_93)
FN:1177,(anonymous_94)
FN:1194,(anonymous_95)
FN:1238,(anonymous_96)
FN:1239,(anonymous_97)
FN:1277,(anonymous_98)
FN:1280,(anonymous_99)
FN:1303,(anonymous_100)
FN:1304,(anonymous_101)
FN:1307,(anonymous_102)
FN:1333,(anonymous_103)
FN:1339,(anonymous_104)
FN:1369,(anonymous_105)
FN:1370,(anonymous_106)
FN:1371,(anonymous_107)
FN:1372,(anonymous_108)
FN:1384,(anonymous_109)
FN:1411,(anonymous_110)
FN:1421,(anonymous_111)
FN:1422,(anonymous_112)
FN:1424,(anonymous_113)
FN:1425,(anonymous_114)
FN:1429,(anonymous_115)
FN:1454,(anonymous_116)
FN:1455,(anonymous_117)
FN:1457,(anonymous_118)
FN:1473,(anonymous_119)
FN:1497,(anonymous_120)
FN:1498,(anonymous_121)
FN:1502,(anonymous_122)
FN:1503,(anonymous_123)
FN:1507,(anonymous_124)
FN:1508,(anonymous_125)
FN:1515,(anonymous_126)
FN:1527,(anonymous_127)
FN:1532,(anonymous_128)
FN:1544,(anonymous_129)
FN:1551,(anonymous_130)
FN:1556,(anonymous_131)
FN:1559,(anonymous_132)
FN:1562,(anonymous_133)
FN:1571,(anonymous_134)
FN:1572,(anonymous_135)
FN:1579,(anonymous_136)
FN:1580,(anonymous_137)
FN:1581,(anonymous_138)
FN:1588,(anonymous_139)
FN:1593,(anonymous_140)
FN:1602,(anonymous_141)
FN:1605,(anonymous_142)
FN:1613,(anonymous_143)
FN:1620,(anonymous_144)
FN:1623,(anonymous_145)
FN:1626,(anonymous_146)
FNF:147
FNH:0
FNDA:0,(anonymous_0)
FNDA:0,(anonymous_1)
FNDA:0,(anonymous_2)
FNDA:0,(anonymous_3)
FNDA:0,(anonymous_4)
FNDA:0,(anonymous_5)
FNDA:0,(anonymous_6)
FNDA:0,(anonymous_7)
FNDA:0,(anonymous_8)
FNDA:0,(anonymous_9)
FNDA:0,(anonymous_10)
FNDA:0,(anonymous_11)
FNDA:0,(anonymous_12)
FNDA:0,(anonymous_13)
FNDA:0,(anonymous_14)
FNDA:0,(anonymous_15)
FNDA:0,(anonymous_16)
FNDA:0,(anonymous_17)
FNDA:0,(anonymous_18)
FNDA:0,(anonymous_19)
FNDA:0,(anonymous_20)
FNDA:0,(anonymous_21)
FNDA:0,(anonymous_22)
FNDA:0,(anonymous_23)
FNDA:0,(anonymous_24)
FNDA:0,(anonymous_25)
FNDA:0,(anonymous_26)
FNDA:0,(anonymous_27)
FNDA:0,(anonymous_28)
FNDA:0,(anonymous_29)
FNDA:0,(anonymous_30)
FNDA:0,(anonymous_31)
FNDA:0,(anonymous_32)
FNDA:0,(anonymous_33)
FNDA:0,(anonymous_34)
FNDA:0,(anonymous_35)
FNDA:0,(anonymous_36)
FNDA:0,(anonymous_37)
FNDA:0,(anonymous_38)
FNDA:0,(anonymous_39)
FNDA:0,(anonymous_40)
FNDA:0,(anonymous_41)
FNDA:0,(anonymous_42)
FNDA:0,(anonymous_43)
FNDA:0,(anonymous_44)
FNDA:0,(anonymous_45)
FNDA:0,(anonymous_46)
FNDA:0,(anonymous_47)
FNDA:0,(anonymous_48)
FNDA:0,(anonymous_49)
FNDA:0,(anonymous_50)
FNDA:0,(anonymous_51)
FNDA:0,(anonymous_52)
FNDA:0,(anonymous_53)
FNDA:0,(anonymous_54)
FNDA:0,(anonymous_55)
FNDA:0,(anonymous_56)
FNDA:0,(anonymous_57)
FNDA:0,(anonymous_58)
FNDA:0,(anonymous_59)
FNDA:0,(anonymous_60)
FNDA:0,(anonymous_61)
FNDA:0,(anonymous_62)
FNDA:0,(anonymous_63)
FNDA:0,(anonymous_64)
FNDA:0,(anonymous_65)
FNDA:0,(anonymous_66)
FNDA:0,(anonymous_67)
FNDA:0,(anonymous_68)
FNDA:0,(anonymous_69)
FNDA:0,(anonymous_70)
FNDA:0,(anonymous_71)
FNDA:0,(anonymous_72)
FNDA:0,(anonymous_73)
FNDA:0,(anonymous_74)
FNDA:0,(anonymous_75)
FNDA:0,(anonymous_76)
FNDA:0,(anonymous_77)
FNDA:0,(anonymous_78)
FNDA:0,(anonymous_79)
FNDA:0,(anonymous_80)
FNDA:0,(anonymous_81)
FNDA:0,(anonymous_82)
FNDA:0,(anonymous_83)
FNDA:0,(anonymous_84)
FNDA:0,(anonymous_85)
FNDA:0,(anonymous_86)
FNDA:0,(anonymous_87)
FNDA:0,(anonymous_88)
FNDA:0,(anonymous_89)
FNDA:0,(anonymous_90)
FNDA:0,(anonymous_91)
FNDA:0,(anonymous_92)
FNDA:0,(anonymous_93)
FNDA:0,(anonymous_94)
FNDA:0,(anonymous_95)
FNDA:0,(anonymous_96)
FNDA:0,(anonymous_97)
FNDA:0,(anonymous_98)
FNDA:0,(anonymous_99)
FNDA:0,(anonymous_100)
FNDA:0,(anonymous_101)
FNDA:0,(anonymous_102)
FNDA:0,(anonymous_103)
FNDA:0,(anonymous_104)
FNDA:0,(anonymous_105)
FNDA:0,(anonymous_106)
FNDA:0,(anonymous_107)
FNDA:0,(anonymous_108)
FNDA:0,(anonymous_109)
FNDA:0,(anonymous_110)
FNDA:0,(anonymous_111)
FNDA:0,(anonymous_112)
FNDA:0,(anonymous_113)
FNDA:0,(anonymous_114)
FNDA:0,(anonymous_115)
FNDA:0,(anonymous_116)
FNDA:0,(anonymous_117)
FNDA:0,(anonymous_118)
FNDA:0,(anonymous_119)
FNDA:0,(anonymous_120)
FNDA:0,(anonymous_121)
FNDA:0,(anonymous_122)
FNDA:0,(anonymous_123)
FNDA:0,(anonymous_124)
FNDA:0,(anonymous_125)
FNDA:0,(anonymous_126)
FNDA:0,(anonymous_127)
FNDA:0,(anonymous_128)
FNDA:0,(anonymous_129)
FNDA:0,(anonymous_130)
FNDA:0,(anonymous_131)
FNDA:0,(anonymous_132)
FNDA:0,(anonymous_133)
FNDA:0,(anonymous_134)
FNDA:0,(anonymous_135)
FNDA:0,(anonymous_136)
FNDA:0,(anonymous_137)
FNDA:0,(anonymous_138)
FNDA:0,(anonymous_139)
FNDA:0,(anonymous_140)
FNDA:0,(anonymous_141)
FNDA:0,(anonymous_142)
FNDA:0,(anonymous_143)
FNDA:0,(anonymous_144)
FNDA:0,(anonymous_145)
FNDA:0,(anonymous_146)
DA:13,1
DA:16,1
DA:17,1
DA:18,1
DA:19,1
DA:20,1
DA:21,1
DA:22,1
DA:23,1
DA:24,1
DA:27,1
DA:28,0
DA:29,0
DA:30,0
DA:31,0
DA:34,0
DA:38,1
DA:39,0
DA:41,0
DA:50,0
DA:51,0
DA:53,0
DA:54,0
DA:55,0
DA:58,0
DA:59,0
DA:62,0
DA:63,0
DA:66,0
DA:67,0
DA:71,0
DA:72,0
DA:74,0
DA:79,0
DA:80,0
DA:84,1
DA:85,0
DA:86,0
DA:87,0
DA:89,0
DA:90,0
DA:91,0
DA:92,0
DA:93,0
DA:99,0
DA:102,0
DA:105,0
DA:107,0
DA:115,1
DA:116,0
DA:117,0
DA:118,0
DA:119,0
DA:120,0
DA:121,0
DA:122,0
DA:123,0
DA:124,0
DA:125,0
DA:126,0
DA:127,0
DA:132,0
DA:135,1
DA:136,0
DA:137,0
DA:138,0
DA:141,0
DA:143,0
DA:144,0
DA:145,0
DA:148,0
DA:149,0
DA:153,0
DA:154,0
DA:155,0
DA:156,0
DA:157,0
DA:160,0
DA:161,0
DA:164,0
DA:165,0
DA:169,0
DA:172,0
DA:173,0
DA:174,0
DA:177,0
DA:178,0
DA:179,0
DA:180,0
DA:185,0
DA:188,0
DA:189,0
DA:190,0
DA:194,0
DA:197,1
DA:198,0
DA:199,0
DA:202,0
DA:205,0
DA:207,0
DA:210,0
DA:211,0
DA:214,0
DA:215,0
DA:219,1
DA:247,1
DA:249,0
DA:250,0
DA:251,0
DA:252,0
DA:254,0
DA:255,0
DA:257,0
DA:258,0
DA:259,0
DA:260,0
DA:261,0
DA:262,0
DA:263,0
DA:265,0
DA:268,0
DA:271,0
DA:272,0
DA:275,0
DA:277,0
DA:279,0
DA:280,0
DA:282,0
DA:283,0
DA:284,0
DA:285,0
DA:287,0
DA:288,0
DA:289,0
DA:290,0
DA:292,0
DA:293,0
DA:297,0
DA:299,0
DA:300,0
DA:302,0
DA:303,0
DA:304,0
DA:305,0
DA:307,0
DA:308,0
DA:309,0
DA:310,0
DA:311,0
DA:312,0
DA:315,0
DA:316,0
DA:317,0
DA:320,0
DA:321,0
DA:323,0
DA:324,0
DA:325,0
DA:327,0
DA:328,0
DA:331,0
DA:332,0
DA:335,0
DA:336,0
DA:337,0
DA:338,0
DA:349,0
DA:351,0
DA:352,0
DA:353,0
DA:355,0
DA:363,0
DA:367,0
DA:372,0
DA:373,0
DA:374,0
DA:375,0
DA:381,0
DA:385,0
DA:393,0
DA:395,0
DA:398,0
DA:399,0
DA:400,0
DA:401,0
DA:404,0
DA:405,0
DA:407,0
DA:408,0
DA:409,0
DA:410,0
DA:411,0
DA:413,0
DA:416,0
DA:417,0
DA:420,0
DA:421,0
DA:423,0
DA:424,0
DA:425,0
DA:426,0
DA:427,0
DA:428,0
DA:429,0
DA:430,0
DA:433,0
DA:434,0
DA:436,0
DA:441,0
DA:442,0
DA:443,0
DA:444,0
DA:445,0
DA:446,0
DA:447,0
DA:448,0
DA:450,0
DA:454,0
DA:455,0
DA:456,0
DA:457,0
DA:458,0
DA:459,0
DA:462,0
DA:463,0
DA:464,0
DA:465,0
DA:467,0
DA:468,0
DA:469,0
DA:471,0
DA:473,0
DA:475,0
DA:476,0
DA:477,0
DA:480,0
DA:488,0
DA:490,0
DA:493,0
DA:494,0
DA:495,0
DA:498,0
DA:502,0
DA:510,0
DA:513,0
DA:514,0
DA:519,0
DA:528,0
DA:529,0
DA:530,0
DA:531,0
DA:532,0
DA:533,0
DA:534,0
DA:535,0
DA:536,0
DA:537,0
DA:539,0
DA:543,0
DA:544,0
DA:545,0
DA:546,0
DA:549,0
DA:550,0
DA:551,0
DA:552,0
DA:556,0
DA:557,0
DA:559,0
DA:562,0
DA:566,0
DA:567,0
DA:568,0
DA:573,0
DA:578,0
DA:581,0
DA:582,0
DA:585,0
DA:586,0
DA:587,0
DA:594,0
DA:604,0
DA:612,0
DA:621,0
DA:626,0
DA:627,0
DA:628,0
DA:629,0
DA:633,0
DA:634,0
DA:635,0
DA:638,0
DA:647,0
DA:648,0
DA:649,0
DA:653,0
DA:655,0
DA:657,0
DA:658,0
DA:659,0
DA:660,0
DA:665,0
DA:668,0
DA:677,0
DA:682,0
DA:685,0
DA:687,0
DA:688,0
DA:689,0
DA:692,0
DA:694,0
DA:698,0
DA:700,0
DA:718,0
DA:719,0
DA:720,0
DA:723,0
DA:724,0
DA:725,0
DA:729,0
DA:737,0
DA:738,0
DA:741,0
DA:743,0
DA:746,0
DA:748,0
DA:749,0
DA:750,0
DA:753,0
DA:755,0
DA:759,0
DA:761,0
DA:773,0
DA:774,0
DA:777,0
DA:778,0
DA:779,0
DA:780,0
DA:781,0
DA:787,0
DA:797,0
DA:798,0
DA:802,0
DA:804,0
DA:807,0
DA:808,0
DA:809,0
DA:811,0
DA:812,0
DA:816,0
DA:817,0
DA:818,0
DA:833,0
DA:834,0
DA:836,0
DA:837,0
DA:843,0
DA:844,0
DA:855,0
DA:863,0
DA:873,0
DA:876,0
DA:877,0
DA:878,0
DA:880,0
DA:882,0
DA:883,0
DA:884,0
DA:885,0
DA:889,0
DA:890,0
DA:891,0
DA:895,0
DA:896,0
DA:897,0
DA:900,0
DA:901,0
DA:902,0
DA:905,0
DA:906,0
DA:907,0
DA:909,0
DA:910,0
DA:912,0
DA:913,0
DA:914,0
DA:918,0
DA:919,0
DA:931,0
DA:932,0
DA:943,0
DA:951,0
DA:961,0
DA:967,0
DA:970,0
DA:972,0
DA:973,0
DA:974,0
DA:977,0
DA:978,0
DA:979,0
DA:980,0
DA:988,0
DA:990,0
DA:991,0
DA:992,0
DA:999,0
DA:1005,0
DA:1006,0
DA:1007,0
DA:1009,0
DA:1012,0
DA:1018,0
DA:1021,0
DA:1023,0
DA:1024,0
DA:1025,0
DA:1026,0
DA:1029,0
DA:1030,0
DA:1031,0
DA:1035,0
DA:1036,0
DA:1037,0
DA:1038,0
DA:1041,0
DA:1042,0
DA:1043,0
DA:1044,0
DA:1045,0
DA:1046,0
DA:1047,0
DA:1050,0
DA:1053,0
DA:1060,0
DA:1069,0
DA:1080,0
DA:1081,0
DA:1082,0
DA:1083,0
DA:1084,0
DA:1087,0
DA:1088,0
DA:1091,0
DA:1101,0
DA:1103,0
DA:1104,0
DA:1107,0
DA:1108,0
DA:1109,0
DA:1110,0
DA:1113,0
DA:1114,0
DA:1115,0
DA:1116,0
DA:1119,0
DA:1120,0
DA:1121,0
DA:1122,0
DA:1129,0
DA:1132,0
DA:1140,0
DA:1148,0
DA:1149,0
DA:1150,0
DA:1153,0
DA:1154,0
DA:1155,0
DA:1156,0
DA:1159,0
DA:1160,0
DA:1161,0
DA:1163,0
DA:1165,0
DA:1166,0
DA:1167,0
DA:1170,0
DA:1171,0
DA:1177,0
DA:1178,0
DA:1180,0
DA:1194,0
DA:1195,0
DA:1198,0
DA:1201,0
DA:1202,0
DA:1211,0
DA:1220,0
DA:1226,0
DA:1235,0
DA:1238,0
DA:1239,0
DA:1240,0
DA:1241,0
DA:1243,0
DA:1244,0
DA:1246,0
DA:1247,0
DA:1248,0
DA:1249,0
DA:1252,0
DA:1261,0
DA:1277,0
DA:1278,0
DA:1279,0
DA:1280,0
DA:1281,0
DA:1282,0
DA:1283,0
DA:1286,0
DA:1287,0
DA:1288,0
DA:1301,0
DA:1303,0
DA:1304,0
DA:1307,0
DA:1316,0
DA:1318,0
DA:1319,0
DA:1321,0
DA:1333,0
DA:1334,0
DA:1335,0
DA:1336,0
DA:1339,0
DA:1340,0
DA:1342,0
DA:1343,0
DA:1351,0
DA:1359,0
DA:1367,0
DA:1369,0
DA:1370,0
DA:1371,0
DA:1372,0
DA:1373,0
DA:1377,0
DA:1379,0
DA:1380,0
DA:1381,0
DA:1384,0
DA:1385,0
DA:1386,0
DA:1387,0
DA:1398,0
DA:1400,0
DA:1401,0
DA:1406,0
DA:1410,0
DA:1411,0
DA:1412,0
DA:1413,0
DA:1414,0
DA:1416,0
DA:1420,0
DA:1421,0
DA:1422,0
DA:1424,0
DA:1425,0
DA:1429,0
DA:1437,0
DA:1440,0
DA:1442,0
DA:1454,0
DA:1455,0
DA:1457,0
DA:1466,0
DA:1469,0
DA:1470,0
DA:1473,0
DA:1474,0
DA:1475,0
DA:1480,0
DA:1483,0
DA:1497,0
DA:1498,0
DA:1499,0
DA:1500,0
DA:1501,0
DA:1502,0
DA:1503,0
DA:1506,0
DA:1507,0
DA:1508,0
DA:1511,0
DA:1515,0
DA:1516,0
DA:1517,0
DA:1518,0
DA:1519,0
DA:1520,0
DA:1521,0
DA:1523,0
DA:1527,0
DA:1528,0
DA:1530,0
DA:1532,0
DA:1537,0
DA:1541,0
DA:1542,0
DA:1544,0
DA:1551,0
DA:1552,0
DA:1553,0
DA:1554,0
DA:1556,0
DA:1557,0
DA:1559,0
DA:1561,0
DA:1562,0
DA:1571,0
DA:1572,0
DA:1573,0
DA:1574,0
DA:1577,0
DA:1578,0
DA:1579,0
DA:1580,0
DA:1581,0
DA:1584,0
DA:1588,0
DA:1589,0
DA:1591,0
DA:1593,0
DA:1598,0
DA:1602,0
DA:1603,0
DA:1605,0
DA:1613,0
DA:1614,0
DA:1615,0
DA:1616,0
DA:1620,0
DA:1621,0
DA:1623,0
DA:1625,0
DA:1626,0
DA:1632,0
DA:1647,0
LF:639
LH:18
BRDA:30,0,0,0
BRDA:30,0,1,0
BRDA:39,1,0,0
BRDA:39,1,1,0
BRDA:39,1,2,0
BRDA:39,1,3,0
BRDA:50,2,0,0
BRDA:50,2,1,0
BRDA:53,3,0,0
BRDA:53,3,1,0
BRDA:59,4,0,0
BRDA:59,4,1,0
BRDA:59,4,2,0
BRDA:59,4,3,0
BRDA:89,5,0,0
BRDA:89,5,1,0
BRDA:91,6,0,0
BRDA:91,6,1,0
BRDA:91,7,0,0
BRDA:91,7,1,0
BRDA:91,7,2,0
BRDA:120,8,0,0
BRDA:120,8,1,0
BRDA:123,9,0,0
BRDA:123,9,1,0
BRDA:123,10,0,0
BRDA:123,10,1,0
BRDA:123,10,2,0
BRDA:126,11,0,0
BRDA:126,11,1,0
BRDA:145,12,0,0
BRDA:145,12,1,0
BRDA:148,13,0,0
BRDA:148,13,1,0
BRDA:153,14,0,0
BRDA:153,14,1,0
BRDA:154,15,0,0
BRDA:154,15,1,0
BRDA:160,16,0,0
BRDA:160,16,1,0
BRDA:164,17,0,0
BRDA:164,17,1,0
BRDA:164,18,0,0
BRDA:164,18,1,0
BRDA:172,19,0,0
BRDA:172,19,1,0
BRDA:172,20,0,0
BRDA:172,20,1,0
BRDA:177,21,0,0
BRDA:177,21,1,0
BRDA:179,22,0,0
BRDA:179,22,1,0
BRDA:188,23,0,0
BRDA:188,23,1,0
BRDA:198,24,0,0
BRDA:198,24,1,0
BRDA:198,25,0,0
BRDA:198,25,1,0
BRDA:198,25,2,0
BRDA:202,26,0,0
BRDA:202,26,1,0
BRDA:207,27,0,0
BRDA:207,27,1,0
BRDA:207,28,0,0
BRDA:207,28,1,0
BRDA:255,29,0,0
BRDA:255,29,1,0
BRDA:261,30,0,0
BRDA:261,30,1,0
BRDA:266,31,0,0
BRDA:266,31,1,0
BRDA:287,32,0,0
BRDA:287,32,1,0
BRDA:289,33,0,0
BRDA:289,33,1,0
BRDA:303,34,0,0
BRDA:303,34,1,0
BRDA:308,35,0,0
BRDA:308,35,1,0
BRDA:320,36,0,0
BRDA:320,36,1,0
BRDA:327,37,0,0
BRDA:327,37,1,0
BRDA:327,38,0,0
BRDA:327,38,1,0
BRDA:331,39,0,0
BRDA:331,39,1,0
BRDA:331,39,2,0
BRDA:332,40,0,0
BRDA:332,40,1,0
BRDA:336,41,0,0
BRDA:336,41,1,0
BRDA:337,42,0,0
BRDA:337,42,1,0
BRDA:345,43,0,0
BRDA:345,43,1,0
BRDA:351,44,0,0
BRDA:351,44,1,0
BRDA:374,45,0,0
BRDA:374,45,1,0
BRDA:374,46,0,0
BRDA:374,46,1,0
BRDA:377,47,0,0
BRDA:377,47,1,0
BRDA:399,48,0,0
BRDA:399,48,1,0
BRDA:399,49,0,0
BRDA:399,49,1,0
BRDA:405,50,0,0
BRDA:405,50,1,0
BRDA:413,51,0,0
BRDA:413,51,1,0
BRDA:413,52,0,0
BRDA:413,52,1,0
BRDA:421,53,0,0
BRDA:421,53,1,0
BRDA:427,54,0,0
BRDA:427,54,1,0
BRDA:428,55,0,0
BRDA:428,55,1,0
BRDA:463,56,0,0
BRDA:463,56,1,0
BRDA:463,57,0,0
BRDA:463,57,1,0
BRDA:467,58,0,0
BRDA:467,58,1,0
BRDA:473,59,0,0
BRDA:473,59,1,0
BRDA:475,60,0,0
BRDA:475,60,1,0
BRDA:475,61,0,0
BRDA:475,61,1,0
BRDA:488,62,0,0
BRDA:488,62,1,0
BRDA:493,63,0,0
BRDA:493,63,1,0
BRDA:493,64,0,0
BRDA:493,64,1,0
BRDA:495,65,0,0
BRDA:495,65,1,0
BRDA:513,66,0,0
BRDA:513,66,1,0
BRDA:534,67,0,0
BRDA:534,67,1,0
BRDA:544,68,0,0
BRDA:544,68,1,0
BRDA:550,69,0,0
BRDA:550,69,1,0
BRDA:557,70,0,0
BRDA:557,70,1,0
BRDA:559,71,0,0
BRDA:559,71,1,0
BRDA:562,72,0,0
BRDA:562,72,1,0
BRDA:566,73,0,0
BRDA:566,73,1,0
BRDA:567,74,0,0
BRDA:567,74,1,0
BRDA:585,75,0,0
BRDA:585,75,1,0
BRDA:585,76,0,0
BRDA:585,76,1,0
BRDA:587,77,0,0
BRDA:587,77,1,0
BRDA:627,78,0,0
BRDA:627,78,1,0
BRDA:647,79,0,0
BRDA:647,79,1,0
BRDA:658,80,0,0
BRDA:658,80,1,0
BRDA:658,81,0,0
BRDA:658,81,1,0
BRDA:660,82,0,0
BRDA:660,82,1,0
BRDA:689,83,0,0
BRDA:689,83,1,0
BRDA:692,84,0,0
BRDA:692,84,1,0
BRDA:712,85,0,0
BRDA:712,85,1,0
BRDA:724,86,0,0
BRDA:724,86,1,0
BRDA:737,87,0,0
BRDA:737,87,1,0
BRDA:753,88,0,0
BRDA:753,88,1,0
BRDA:779,89,0,0
BRDA:779,89,1,0
BRDA:797,90,0,0
BRDA:797,90,1,0
BRDA:808,91,0,0
BRDA:808,91,1,0
BRDA:811,92,0,0
BRDA:811,92,1,0
BRDA:836,93,0,0
BRDA:836,93,1,0
BRDA:836,94,0,0
BRDA:836,94,1,0
BRDA:841,95,0,0
BRDA:841,95,1,0
BRDA:843,96,0,0
BRDA:843,96,1,0
BRDA:843,97,0,0
BRDA:843,97,1,0
BRDA:848,98,0,0
BRDA:848,98,1,0
BRDA:877,99,0,0
BRDA:877,99,1,0
BRDA:882,100,0,0
BRDA:883,101,0,0
BRDA:883,101,1,0
BRDA:889,102,0,0
BRDA:889,102,1,0
BRDA:895,103,0,0
BRDA:895,103,1,0
BRDA:901,104,0,0
BRDA:901,104,1,0
BRDA:905,105,0,0
BRDA:905,105,1,0
BRDA:909,106,0,0
BRDA:909,106,1,0
BRDA:910,107,0,0
BRDA:910,107,1,0
BRDA:912,108,0,0
BRDA:912,108,1,0
BRDA:932,109,0,0
BRDA:932,109,1,0
BRDA:972,110,0,0
BRDA:972,110,1,0
BRDA:972,111,0,0
BRDA:972,111,1,0
BRDA:979,112,0,0
BRDA:979,112,1,0
BRDA:1002,113,0,0
BRDA:1002,113,1,0
BRDA:1002,113,2,0
BRDA:1005,114,0,0
BRDA:1005,114,1,0
BRDA:1024,115,0,0
BRDA:1024,115,1,0
BRDA:1029,116,0,0
BRDA:1029,116,1,0
BRDA:1035,117,0,0
BRDA:1035,117,1,0
BRDA:1041,118,0,0
BRDA:1041,118,1,0
BRDA:1041,118,2,0
BRDA:1044,119,0,0
BRDA:1044,119,1,0
BRDA:1046,120,0,0
BRDA:1046,120,1,0
BRDA:1083,121,0,0
BRDA:1083,121,1,0
BRDA:1083,122,0,0
BRDA:1083,122,1,0
BRDA:1104,123,0,0
BRDA:1104,123,1,0
BRDA:1104,124,0,0
BRDA:1104,124,1,0
BRDA:1108,125,0,0
BRDA:1108,125,1,0
BRDA:1114,126,0,0
BRDA:1114,126,1,0
BRDA:1121,127,0,0
BRDA:1121,127,1,0
BRDA:1124,128,0,0
BRDA:1124,128,1,0
BRDA:1125,129,0,0
BRDA:1125,129,1,0
BRDA:1126,130,0,0
BRDA:1126,130,1,0
BRDA:1149,131,0,0
BRDA:1150,132,0,0
BRDA:1150,132,1,0
BRDA:1150,133,0,0
BRDA:1150,133,1,0
BRDA:1150,133,2,0
BRDA:1153,134,0,0
BRDA:1153,134,1,0
BRDA:1153,135,0,0
BRDA:1153,135,1,0
BRDA:1165,136,0,0
BRDA:1165,136,1,0
BRDA:1165,137,0,0
BRDA:1165,137,1,0
BRDA:1195,138,0,0
BRDA:1195,138,1,0
BRDA:1201,139,0,0
BRDA:1201,139,1,0
BRDA:1241,140,0,0
BRDA:1241,140,1,0
BRDA:1246,141,0,0
BRDA:1246,141,1,0
BRDA:1247,142,0,0
BRDA:1247,142,1,0
BRDA:1278,143,0,0
BRDA:1278,143,1,0
BRDA:1279,144,0,0
BRDA:1279,144,1,0
BRDA:1281,145,0,0
BRDA:1281,145,1,0
BRDA:1282,146,0,0
BRDA:1282,146,1,0
BRDA:1334,147,0,0
BRDA:1334,147,1,0
BRDA:1373,148,0,0
BRDA:1373,148,1,0
BRDA:1373,148,2,0
BRDA:1377,149,0,0
BRDA:1377,149,1,0
BRDA:1377,150,0,0
BRDA:1377,150,1,0
BRDA:1385,151,0,0
BRDA:1385,151,1,0
BRDA:1393,152,0,0
BRDA:1393,152,1,0
BRDA:1394,153,0,0
BRDA:1394,153,1,0
BRDA:1398,154,0,0
BRDA:1398,154,1,0
BRDA:1398,155,0,0
BRDA:1398,155,1,0
BRDA:1398,155,2,0
BRDA:1413,156,0,0
BRDA:1413,156,1,0
BRDA:1413,157,0,0
BRDA:1413,157,1,0
BRDA:1413,157,2,0
BRDA:1422,158,0,0
BRDA:1422,158,1,0
BRDA:1425,159,0,0
BRDA:1425,159,1,0
BRDA:1474,160,0,0
BRDA:1474,160,1,0
BRDA:1474,161,0,0
BRDA:1474,161,1,0
BRDA:1497,162,0,0
BRDA:1497,163,0,0
BRDA:1501,164,0,0
BRDA:1501,164,1,0
BRDA:1501,165,0,0
BRDA:1501,165,1,0
BRDA:1506,166,0,0
BRDA:1506,166,1,0
BRDA:1506,167,0,0
BRDA:1506,167,1,0
BRDA:1530,168,0,0
BRDA:1530,168,1,0
BRDA:1552,169,0,0
BRDA:1552,169,1,0
BRDA:1552,170,0,0
BRDA:1552,170,1,0
BRDA:1553,171,0,0
BRDA:1553,171,1,0
BRDA:1557,172,0,0
BRDA:1557,172,1,0
BRDA:1557,173,0,0
BRDA:1557,173,1,0
BRDA:1561,174,0,0
BRDA:1561,174,1,0
BRDA:1561,175,0,0
BRDA:1561,175,1,0
BRDA:1564,176,0,0
BRDA:1564,176,1,0
BRDA:1571,177,0,0
BRDA:1577,178,0,0
BRDA:1577,178,1,0
BRDA:1577,179,0,0
BRDA:1577,179,1,0
BRDA:1591,180,0,0
BRDA:1591,180,1,0
BRDA:1614,181,0,0
BRDA:1614,181,1,0
BRDA:1614,182,0,0
BRDA:1614,182,1,0
BRDA:1615,183,0,0
BRDA:1615,183,1,0
BRDA:1621,184,0,0
BRDA:1621,184,1,0
BRDA:1621,185,0,0
BRDA:1621,185,1,0
BRDA:1625,186,0,0
BRDA:1625,186,1,0
BRDA:1625,187,0,0
BRDA:1625,187,1,0
BRDA:1627,188,0,0
BRDA:1627,188,1,0
BRF:387
BRH:0
end_of_record
TN:
SF:src\AddOnScreen.js
FN:7,(anonymous_0)
FN:10,(anonymous_1)
FN:17,(anonymous_2)
FN:29,(anonymous_3)
FN:45,(anonymous_4)
FN:51,(anonymous_5)
FN:56,(anonymous_6)
FN:58,(anonymous_7)
FN:64,(anonymous_8)
FNF:9
FNH:0
FNDA:0,(anonymous_0)
FNDA:0,(anonymous_1)
FNDA:0,(anonymous_2)
FNDA:0,(anonymous_3)
FNDA:0,(anonymous_4)
FNDA:0,(anonymous_5)
FNDA:0,(anonymous_6)
FNDA:0,(anonymous_7)
FNDA:0,(anonymous_8)
DA:7,0
DA:8,0
DA:9,0
DA:10,0
DA:13,0
DA:14,0
DA:17,0
DA:29,0
DA:30,0
DA:31,0
DA:32,0
DA:35,0
DA:36,0
DA:37,0
DA:44,0
DA:45,0
DA:48,0
DA:51,0
DA:56,0
DA:59,0
DA:64,0
DA:75,0
LF:22
LH:0
BRDA:13,0,0,0
BRDA:13,0,1,0
BRDA:30,1,0,0
BRDA:30,1,1,0
BRDA:36,2,0,0
BRDA:36,2,1,0
BRDA:44,3,0,0
BRDA:44,3,1,0
BRDA:45,4,0,0
BRDA:45,4,1,0
BRF:10
BRH:0
end_of_record
TN:
SF:src\ArchitectSelectionScreen.js
FN:8,(anonymous_0)
FN:12,(anonymous_1)
FN:19,(anonymous_2)
FN:28,(anonymous_3)
FN:31,(anonymous_4)
FN:37,(anonymous_5)
FNF:6
FNH:0
FNDA:0,(anonymous_0)
FNDA:0,(anonymous_1)
FNDA:0,(anonymous_2)
FNDA:0,(anonymous_3)
FNDA:0,(anonymous_4)
FNDA:0,(anonymous_5)
DA:8,0
DA:9,0
DA:10,0
DA:12,0
DA:14,0
DA:19,0
DA:28,0
DA:32,0
DA:33,0
DA:37,0
DA:68,0
LF:11
LH:0
BRDA:35,0,0,0
BRDA:35,0,1,0
BRDA:45,1,0,0
BRDA:45,1,1,0
BRDA:49,2,0,0
BRDA:49,2,1,0
BRF:6
BRH:0
end_of_record
TN:
SF:src\BankHubScreen.js
FN:8,(anonymous_0)
FN:12,(anonymous_1)
FN:20,(anonymous_2)
FN:31,(anonymous_3)
FN:33,(anonymous_4)
FN:37,(anonymous_5)
FN:53,(anonymous_6)
FN:62,(anonymous_7)
FN:77,(anonymous_8)
FN:84,(anonymous_9)
FNF:10
FNH:0
FNDA:0,(anonymous_0)
FNDA:0,(anonymous_1)
FNDA:0,(anonymous_2)
FNDA:0,(anonymous_3)
FNDA:0,(anonymous_4)
FNDA:0,(anonymous_5)
FNDA:0,(anonymous_6)
FNDA:0,(anonymous_7)
FNDA:0,(anonymous_8)
FNDA:0,(anonymous_9)
DA:8,0
DA:9,0
DA:10,0
DA:12,0
DA:13,0
DA:14,0
DA:15,0
DA:20,0
DA:25,0
DA:31,0
DA:33,0
DA:37,0
DA:55,0
DA:62,0
DA:78,0
DA:79,0
DA:84,0
DA:101,0
LF:18
LH:0
BRDA:10,0,0,0
BRDA:10,0,1,0
BRDA:46,1,0,0
BRDA:46,1,1,0
BRDA:82,2,0,0
BRDA:82,2,1,0
BRDA:88,3,0,0
BRDA:88,3,1,0
BRDA:90,4,0,0
BRDA:90,4,1,0
BRF:10
BRH:0
end_of_record
TN:
SF:src\BankScreen.js
FN:6,(anonymous_0)
FN:11,(anonymous_1)
FN:25,(anonymous_2)
FNF:3
FNH:0
FNDA:0,(anonymous_0)
FNDA:0,(anonymous_1)
FNDA:0,(anonymous_2)
DA:6,0
DA:7,0
DA:8,0
DA:9,0
DA:11,0
DA:12,0
DA:15,0
DA:25,0
DA:72,0
LF:9
LH:0
BRF:0
BRH:0
end_of_record
TN:
SF:src\BlueprintSelectionScreen.js
FN:8,(anonymous_0)
FN:15,(anonymous_1)
FN:17,(anonymous_2)
FN:18,(anonymous_3)
FN:22,(anonymous_4)
FN:39,(anonymous_5)
FN:41,(anonymous_6)
FN:81,(anonymous_7)
FN:107,(anonymous_8)
FN:116,(anonymous_9)
FN:118,(anonymous_10)
FN:119,(anonymous_11)
FN:133,(anonymous_12)
FN:138,(anonymous_13)
FN:140,(anonymous_14)
FN:149,(anonymous_15)
FNF:16
FNH:0
FNDA:0,(anonymous_0)
FNDA:0,(anonymous_1)
FNDA:0,(anonymous_2)
FNDA:0,(anonymous_3)
FNDA:0,(anonymous_4)
FNDA:0,(anonymous_5)
FNDA:0,(anonymous_6)
FNDA:0,(anonymous_7)
FNDA:0,(anonymous_8)
FNDA:0,(anonymous_9)
FNDA:0,(anonymous_10)
FNDA:0,(anonymous_11)
FNDA:0,(anonymous_12)
FNDA:0,(anonymous_13)
FNDA:0,(anonymous_14)
FNDA:0,(anonymous_15)
DA:8,0
DA:9,0
DA:10,0
DA:12,0
DA:13,0
DA:15,0
DA:17,0
DA:18,0
DA:19,0
DA:22,0
DA:23,0
DA:31,0
DA:33,0
DA:34,0
DA:35,0
DA:39,0
DA:40,0
DA:41,0
DA:44,0
DA:45,0
DA:52,0
DA:55,0
DA:56,0
DA:60,0
DA:64,0
DA:65,0
DA:66,0
DA:70,0
DA:71,0
DA:81,0
DA:82,0
DA:89,0
DA:90,0
DA:91,0
DA:93,0
DA:94,0
DA:96,0
DA:98,0
DA:99,0
DA:103,0
DA:107,0
DA:116,0
DA:119,0
DA:133,0
DA:139,0
DA:140,0
DA:141,0
DA:143,0
DA:149,0
DA:162,0
LF:50
LH:0
BRDA:15,0,0,0
BRDA:15,0,1,0
BRDA:15,0,2,0
BRDA:19,1,0,0
BRDA:19,1,1,0
BRDA:25,2,0,0
BRDA:25,2,1,0
BRDA:26,3,0,0
BRDA:26,3,1,0
BRDA:27,4,0,0
BRDA:27,4,1,0
BRDA:27,5,0,0
BRDA:27,5,1,0
BRDA:31,6,0,0
BRDA:31,6,1,0
BRDA:40,7,0,0
BRDA:40,7,1,0
BRDA:44,8,0,0
BRDA:44,8,1,0
BRDA:55,9,0,0
BRDA:55,9,1,0
BRDA:55,10,0,0
BRDA:55,10,1,0
BRDA:55,10,2,0
BRDA:65,11,0,0
BRDA:65,11,1,0
BRDA:84,12,0,0
BRDA:84,12,1,0
BRDA:86,13,0,0
BRDA:86,13,1,0
BRDA:89,14,0,0
BRDA:89,14,1,0
BRDA:89,15,0,0
BRDA:89,15,1,0
BRDA:93,16,0,0
BRDA:93,16,1,0
BRDA:96,17,0,0
BRDA:96,17,1,0
BRDA:139,18,0,0
BRDA:139,18,1,0
BRDA:139,19,0,0
BRDA:139,19,1,0
BRDA:140,20,0,0
BRDA:140,20,1,0
BRDA:144,21,0,0
BRDA:144,21,1,0
BRDA:149,22,0,0
BRDA:149,22,1,0
BRF:48
BRH:0
end_of_record
TN:
SF:src\CircularProgress.js
FN:5,(anonymous_0)
FNF:1
FNH:0
FNDA:0,(anonymous_0)
DA:5,0
DA:6,0
DA:7,0
DA:8,0
DA:10,0
LF:5
LH:0
BRF:0
BRH:0
end_of_record
TN:
SF:src\ConstructionScreen.js
FN:8,(anonymous_0)
FN:23,(anonymous_1)
FN:39,(anonymous_2)
FN:47,(anonymous_3)
FN:72,(anonymous_4)
FN:77,(anonymous_5)
FN:98,(anonymous_6)
FNF:7
FNH:0
FNDA:0,(anonymous_0)
FNDA:0,(anonymous_1)
FNDA:0,(anonymous_2)
FNDA:0,(anonymous_3)
FNDA:0,(anonymous_4)
FNDA:0,(anonymous_5)
FNDA:0,(anonymous_6)
DA:8,0
DA:9,0
DA:10,0
DA:12,0
DA:14,0
DA:23,0
DA:24,0
DA:25,0
DA:29,0
DA:30,0
DA:37,0
DA:38,0
DA:39,0
DA:43,0
DA:44,0
DA:47,0
DA:49,0
DA:57,0
DA:58,0
DA:65,0
DA:67,0
DA:72,0
DA:78,0
DA:79,0
DA:80,0
DA:82,0
DA:98,0
DA:111,0
LF:28
LH:0
BRDA:17,0,0,0
BRDA:17,0,1,0
BRDA:18,1,0,0
BRDA:18,1,1,0
BRDA:24,2,0,0
BRDA:24,2,1,0
BRDA:29,3,0,0
BRDA:29,3,1,0
BRDA:38,4,0,0
BRDA:38,4,1,0
BRDA:38,5,0,0
BRDA:38,5,1,0
BRDA:43,6,0,0
BRDA:43,6,1,0
BRDA:57,7,0,0
BRDA:57,7,1,0
BRDA:57,8,0,0
BRDA:57,8,1,0
BRDA:79,9,0,0
BRDA:79,9,1,0
BRDA:80,10,0,0
BRDA:80,10,1,0
BRDA:83,11,0,0
BRDA:83,11,1,0
BRDA:84,12,0,0
BRDA:84,12,1,0
BRDA:84,13,0,0
BRDA:84,13,1,0
BRDA:88,14,0,0
BRDA:88,14,1,0
BRDA:97,15,0,0
BRDA:97,15,1,0
BRDA:99,16,0,0
BRDA:99,16,1,0
BRF:34
BRH:0
end_of_record
TN:
SF:src\FinanceScreen.js
FN:9,processTransactions
FN:11,(anonymous_1)
FN:11,(anonymous_2)
FN:12,(anonymous_3)
FN:12,(anonymous_4)
FN:17,(anonymous_5)
FN:23,(anonymous_6)
FN:25,(anonymous_7)
FN:74,(anonymous_8)
FN:80,(anonymous_9)
FN:82,(anonymous_10)
FN:112,(anonymous_11)
FN:131,(anonymous_12)
FN:142,(anonymous_13)
FNF:14
FNH:0
FNDA:0,processTransactions
FNDA:0,(anonymous_1)
FNDA:0,(anonymous_2)
FNDA:0,(anonymous_3)
FNDA:0,(anonymous_4)
FNDA:0,(anonymous_5)
FNDA:0,(anonymous_6)
FNDA:0,(anonymous_7)
FNDA:0,(anonymous_8)
FNDA:0,(anonymous_9)
FNDA:0,(anonymous_10)
FNDA:0,(anonymous_11)
FNDA:0,(anonymous_12)
FNDA:0,(anonymous_13)
DA:10,0
DA:11,0
DA:12,0
DA:13,0
DA:17,0
DA:18,0
DA:21,0
DA:23,0
DA:24,0
DA:25,0
DA:26,0
DA:28,0
DA:74,0
DA:75,0
DA:76,0
DA:80,0
DA:83,0
DA:112,0
DA:113,0
DA:114,0
DA:119,0
DA:124,0
DA:131,0
DA:143,0
DA:160,0
LF:25
LH:0
BRDA:10,0,0,0
BRDA:10,0,1,0
BRDA:10,1,0,0
BRDA:10,1,1,0
BRDA:10,1,2,0
BRDA:11,2,0,0
BRDA:11,2,1,0
BRDA:12,3,0,0
BRDA:12,3,1,0
BRDA:18,4,0,0
BRDA:18,5,0,0
BRDA:18,6,0,0
BRDA:18,7,0,0
BRDA:23,8,0,0
BRDA:23,8,1,0
BRDA:25,9,0,0
BRDA:25,9,1,0
BRDA:66,10,0,0
BRDA:66,10,1,0
BRDA:75,11,0,0
BRDA:80,12,0,0
BRDA:80,12,1,0
BRDA:84,13,0,0
BRDA:84,13,1,0
BRDA:87,14,0,0
BRDA:87,14,1,0
BRDA:91,15,0,0
BRDA:91,15,1,0
BRDA:96,16,0,0
BRDA:96,16,1,0
BRDA:96,17,0,0
BRDA:96,17,1,0
BRDA:98,18,0,0
BRDA:98,18,1,0
BRDA:98,19,0,0
BRDA:98,19,1,0
BRDA:99,20,0,0
BRDA:99,20,1,0
BRF:38
BRH:0
end_of_record
TN:
SF:src\GeneratedPropertyImage.js
FN:13,(anonymous_0)
FN:21,(anonymous_1)
FNF:2
FNH:0
FNDA:0,(anonymous_0)
FNDA:0,(anonymous_1)
DA:6,0
DA:13,0
DA:15,0
DA:16,0
DA:21,0
DA:24,0
DA:25,0
DA:26,0
DA:29,0
DA:31,0
LF:10
LH:0
BRDA:15,0,0,0
BRDA:15,0,1,0
BRF:2
BRH:0
end_of_record
TN:
SF:src\HomePage.js
FN:21,(anonymous_0)
FN:38,(anonymous_1)
FN:39,(anonymous_2)
FN:40,(anonymous_3)
FN:42,(anonymous_4)
FN:43,(anonymous_5)
FN:45,(anonymous_6)
FN:56,(anonymous_7)
FN:60,(anonymous_8)
FN:65,(anonymous_9)
FN:67,(anonymous_10)
FN:72,(anonymous_11)
FN:78,(anonymous_12)
FN:87,(anonymous_13)
FN:91,(anonymous_14)
FN:98,(anonymous_15)
FN:114,(anonymous_16)
FN:120,(anonymous_17)
FN:147,(anonymous_18)
FN:153,(anonymous_19)
FN:172,(anonymous_20)
FN:234,(anonymous_21)
FN:245,(anonymous_22)
FN:251,(anonymous_23)
FN:257,(anonymous_24)
FNF:25
FNH:0
FNDA:0,(anonymous_0)
FNDA:0,(anonymous_1)
FNDA:0,(anonymous_2)
FNDA:0,(anonymous_3)
FNDA:0,(anonymous_4)
FNDA:0,(anonymous_5)
FNDA:0,(anonymous_6)
FNDA:0,(anonymous_7)
FNDA:0,(anonymous_8)
FNDA:0,(anonymous_9)
FNDA:0,(anonymous_10)
FNDA:0,(anonymous_11)
FNDA:0,(anonymous_12)
FNDA:0,(anonymous_13)
FNDA:0,(anonymous_14)
FNDA:0,(anonymous_15)
FNDA:0,(anonymous_16)
FNDA:0,(anonymous_17)
FNDA:0,(anonymous_18)
FNDA:0,(anonymous_19)
FNDA:0,(anonymous_20)
FNDA:0,(anonymous_21)
FNDA:0,(anonymous_22)
FNDA:0,(anonymous_23)
FNDA:0,(anonymous_24)
DA:21,0
DA:31,0
DA:33,0
DA:36,0
DA:38,0
DA:39,0
DA:40,0
DA:41,0
DA:42,0
DA:43,0
DA:45,0
DA:47,0
DA:48,0
DA:49,0
DA:50,0
DA:52,0
DA:55,0
DA:56,0
DA:57,0
DA:60,0
DA:61,0
DA:65,0
DA:66,0
DA:68,0
DA:72,0
DA:73,0
DA:74,0
DA:75,0
DA:78,0
DA:79,0
DA:87,0
DA:88,0
DA:89,0
DA:90,0
DA:91,0
DA:95,0
DA:98,0
DA:110,0
DA:112,0
DA:113,0
DA:114,0
DA:117,0
DA:121,0
DA:144,0
DA:147,0
DA:148,0
DA:149,0
DA:153,0
DA:161,0
DA:162,0
DA:163,0
DA:167,0
DA:172,0
DA:196,0
DA:234,0
DA:245,0
DA:251,0
DA:257,0
DA:270,0
LF:59
LH:0
BRDA:36,0,0,0
BRDA:36,0,1,0
BRDA:52,1,0,0
BRDA:52,1,1,0
BRDA:52,1,2,0
BRDA:52,1,3,0
BRDA:55,2,0,0
BRDA:55,2,1,0
BRDA:58,3,0,0
BRDA:58,3,1,0
BRDA:68,4,0,0
BRDA:68,4,1,0
BRDA:73,5,0,0
BRDA:73,5,1,0
BRDA:74,6,0,0
BRDA:74,6,1,0
BRDA:88,7,0,0
BRDA:88,7,1,0
BRDA:89,8,0,0
BRDA:89,8,1,0
BRDA:91,9,0,0
BRDA:91,9,1,0
BRDA:110,10,0,0
BRDA:110,10,1,0
BRDA:113,11,0,0
BRDA:113,11,1,0
BRDA:113,12,0,0
BRDA:113,12,1,0
BRDA:127,13,0,0
BRDA:127,13,1,0
BRDA:130,14,0,0
BRDA:130,14,1,0
BRDA:136,15,0,0
BRDA:136,15,1,0
BRDA:148,16,0,0
BRDA:148,16,1,0
BRDA:162,17,0,0
BRDA:162,17,1,0
BRDA:163,18,0,0
BRDA:163,18,1,0
BRDA:185,19,0,0
BRDA:185,19,1,0
BRDA:271,20,0,0
BRDA:271,20,1,0
BRF:44
BRH:0
end_of_record
TN:
SF:src\InitialLoadingScreen.js
FN:6,(anonymous_0)
FN:9,(anonymous_1)
FN:13,(anonymous_2)
FN:35,(anonymous_3)
FNF:4
FNH:0
FNDA:0,(anonymous_0)
FNDA:0,(anonymous_1)
FNDA:0,(anonymous_2)
FNDA:0,(anonymous_3)
DA:6,0
DA:9,0
DA:11,0
DA:13,0
DA:15,0
DA:16,0
DA:18,0
DA:29,0
DA:35,0
DA:40,0
DA:48,0
LF:11
LH:0
BRDA:11,0,0,0
BRDA:11,0,1,0
BRDA:11,1,0,0
BRDA:11,1,1,0
BRDA:16,2,0,0
BRDA:16,2,1,0
BRDA:22,3,0,0
BRDA:22,3,1,0
BRF:8
BRH:0
end_of_record
TN:
SF:src\LandDetailScreen.js
FN:5,(anonymous_0)
FN:9,(anonymous_1)
FNF:2
FNH:0
FNDA:0,(anonymous_0)
FNDA:0,(anonymous_1)
DA:5,0
DA:6,0
DA:7,0
DA:9,0
DA:11,0
DA:12,0
DA:13,0
DA:14,0
DA:16,0
DA:20,0
DA:31,0
LF:11
LH:0
BRDA:12,0,0,0
BRDA:12,0,1,0
BRF:2
BRH:0
end_of_record
TN:
SF:src\LandMarketScreen.js
FN:8,(anonymous_0)
FN:27,(anonymous_1)
FN:30,(anonymous_2)
FN:34,(anonymous_3)
FN:51,(anonymous_4)
FN:63,(anonymous_5)
FN:69,(anonymous_6)
FN:74,(anonymous_7)
FN:103,(anonymous_8)
FN:106,(anonymous_9)
FN:107,(anonymous_10)
FNF:11
FNH:0
FNDA:0,(anonymous_0)
FNDA:0,(anonymous_1)
FNDA:0,(anonymous_2)
FNDA:0,(anonymous_3)
FNDA:0,(anonymous_4)
FNDA:0,(anonymous_5)
FNDA:0,(anonymous_6)
FNDA:0,(anonymous_7)
FNDA:0,(anonymous_8)
FNDA:0,(anonymous_9)
FNDA:0,(anonymous_10)
DA:8,0
DA:16,0
DA:18,0
DA:19,0
DA:20,0
DA:23,0
DA:26,0
DA:27,0
DA:30,0
DA:31,0
DA:34,0
DA:35,0
DA:51,0
DA:52,0
DA:63,0
DA:64,0
DA:65,0
DA:66,0
DA:69,0
DA:70,0
DA:71,0
DA:74,0
DA:75,0
DA:77,0
DA:78,0
DA:79,0
DA:83,0
DA:84,0
DA:85,0
DA:86,0
DA:87,0
DA:89,0
DA:92,0
DA:94,0
DA:103,0
DA:107,0
DA:185,0
LF:37
LH:0
BRDA:10,0,0,0
BRDA:11,1,0,0
BRDA:23,2,0,0
BRDA:23,2,1,0
BRDA:42,3,0,0
BRDA:42,3,1,0
BRDA:75,4,0,0
BRDA:75,4,1,0
BRDA:77,5,0,0
BRDA:77,5,1,0
BRDA:84,6,0,0
BRDA:84,6,1,0
BRDA:84,7,0,0
BRDA:84,7,1,0
BRDA:85,8,0,0
BRDA:85,8,1,0
BRDA:98,9,0,0
BRDA:98,9,1,0
BRDA:114,10,0,0
BRDA:114,10,1,0
BRDA:125,11,0,0
BRDA:125,11,1,0
BRDA:125,11,2,0
BRDA:145,12,0,0
BRDA:145,12,1,0
BRDA:169,13,0,0
BRDA:169,13,1,0
BRF:27
BRH:0
end_of_record
TN:
SF:src\ListingDetailScreen.js
FN:9,(anonymous_0)
FN:13,(anonymous_1)
FN:16,(anonymous_2)
FN:42,(anonymous_3)
FN:63,(anonymous_4)
FN:77,(anonymous_5)
FNF:6
FNH:0
FNDA:0,(anonymous_0)
FNDA:0,(anonymous_1)
FNDA:0,(anonymous_2)
FNDA:0,(anonymous_3)
FNDA:0,(anonymous_4)
FNDA:0,(anonymous_5)
DA:9,0
DA:10,0
DA:11,0
DA:13,0
DA:16,0
DA:17,0
DA:19,0
DA:22,0
DA:23,0
DA:26,0
DA:29,0
DA:31,0
DA:39,0
DA:42,0
DA:43,0
DA:44,0
DA:45,0
DA:51,0
DA:52,0
DA:60,0
DA:63,0
DA:64,0
DA:65,0
DA:66,0
DA:68,0
DA:69,0
DA:72,0
DA:77,0
DA:167,0
LF:29
LH:0
BRDA:17,0,0,0
BRDA:17,0,1,0
BRDA:19,1,0,0
BRDA:19,1,1,0
BRDA:19,1,2,0
BRDA:19,1,3,0
BRDA:22,2,0,0
BRDA:22,2,1,0
BRDA:22,2,2,0
BRDA:23,3,0,0
BRDA:23,3,1,0
BRDA:43,4,0,0
BRDA:43,4,1,0
BRDA:44,5,0,0
BRDA:44,5,1,0
BRDA:51,6,0,0
BRDA:51,6,1,0
BRDA:64,7,0,0
BRDA:64,7,1,0
BRDA:86,8,0,0
BRDA:86,8,1,0
BRDA:90,9,0,0
BRDA:90,9,1,0
BRDA:90,9,2,0
BRDA:94,10,0,0
BRDA:94,10,1,0
BRDA:98,11,0,0
BRDA:98,11,1,0
BRDA:102,12,0,0
BRDA:102,12,1,0
BRDA:104,13,0,0
BRDA:104,13,1,0
BRDA:115,14,0,0
BRDA:115,14,1,0
BRDA:119,15,0,0
BRDA:119,15,1,0
BRDA:119,16,0,0
BRDA:119,16,1,0
BRDA:131,17,0,0
BRDA:131,17,1,0
BRDA:152,18,0,0
BRDA:152,18,1,0
BRDA:153,19,0,0
BRDA:153,19,1,0
BRF:44
BRH:0
end_of_record
TN:
SF:src\LoanScreen.js
FN:10,(anonymous_0)
FN:19,(anonymous_1)
FN:20,(anonymous_2)
FN:30,(anonymous_3)
FN:56,(anonymous_4)
FN:59,(anonymous_5)
FN:64,(anonymous_6)
FN:70,(anonymous_7)
FN:78,(anonymous_8)
FN:79,(anonymous_9)
FN:90,(anonymous_10)
FN:100,(anonymous_11)
FN:119,(anonymous_12)
FN:130,(anonymous_13)
FN:138,(anonymous_14)
FN:149,(anonymous_15)
FN:151,(anonymous_16)
FN:184,(anonymous_17)
FN:187,(anonymous_18)
FN:188,(anonymous_19)
FN:206,(anonymous_20)
FN:210,(anonymous_21)
FN:211,(anonymous_22)
FN:229,(anonymous_23)
FN:242,(anonymous_24)
FN:249,(anonymous_25)
FN:252,(anonymous_26)
FNF:27
FNH:0
FNDA:0,(anonymous_0)
FNDA:0,(anonymous_1)
FNDA:0,(anonymous_2)
FNDA:0,(anonymous_3)
FNDA:0,(anonymous_4)
FNDA:0,(anonymous_5)
FNDA:0,(anonymous_6)
FNDA:0,(anonymous_7)
FNDA:0,(anonymous_8)
FNDA:0,(anonymous_9)
FNDA:0,(anonymous_10)
FNDA:0,(anonymous_11)
FNDA:0,(anonymous_12)
FNDA:0,(anonymous_13)
FNDA:0,(anonymous_14)
FNDA:0,(anonymous_15)
FNDA:0,(anonymous_16)
FNDA:0,(anonymous_17)
FNDA:0,(anonymous_18)
FNDA:0,(anonymous_19)
FNDA:0,(anonymous_20)
FNDA:0,(anonymous_21)
FNDA:0,(anonymous_22)
FNDA:0,(anonymous_23)
FNDA:0,(anonymous_24)
FNDA:0,(anonymous_25)
FNDA:0,(anonymous_26)
DA:10,0
DA:11,0
DA:12,0
DA:14,0
DA:15,0
DA:16,0
DA:17,0
DA:19,0
DA:20,0
DA:22,0
DA:30,0
DA:31,0
DA:32,0
DA:34,0
DA:37,0
DA:39,0
DA:40,0
DA:41,0
DA:44,0
DA:45,0
DA:46,0
DA:50,0
DA:53,0
DA:56,0
DA:57,0
DA:59,0
DA:60,0
DA:64,0
DA:65,0
DA:66,0
DA:70,0
DA:71,0
DA:72,0
DA:73,0
DA:74,0
DA:75,0
DA:78,0
DA:79,0
DA:80,0
DA:82,0
DA:85,0
DA:90,0
DA:91,0
DA:100,0
DA:101,0
DA:102,0
DA:103,0
DA:106,0
DA:118,0
DA:119,0
DA:130,0
DA:131,0
DA:132,0
DA:133,0
DA:138,0
DA:139,0
DA:149,0
DA:150,0
DA:151,0
DA:184,0
DA:185,0
DA:188,0
DA:206,0
DA:207,0
DA:211,0
DA:229,0
DA:236,0
DA:242,0
DA:249,0
DA:252,0
DA:277,0
LF:71
LH:0
BRDA:14,0,0,0
BRDA:14,0,1,0
BRDA:17,1,0,0
BRDA:17,1,1,0
BRDA:22,2,0,0
BRDA:22,2,1,0
BRDA:22,2,2,0
BRDA:22,2,3,0
BRDA:22,2,4,0
BRDA:32,3,0,0
BRDA:32,3,1,0
BRDA:32,4,0,0
BRDA:32,4,1,0
BRDA:34,5,0,0
BRDA:34,5,1,0
BRDA:37,6,0,0
BRDA:37,6,1,0
BRDA:37,6,2,0
BRDA:37,6,3,0
BRDA:39,7,0,0
BRDA:39,7,1,0
BRDA:65,8,0,0
BRDA:65,8,1,0
BRDA:71,9,0,0
BRDA:71,9,1,0
BRDA:71,10,0,0
BRDA:71,10,1,0
BRDA:71,10,2,0
BRDA:71,11,0,0
BRDA:71,11,1,0
BRDA:80,12,0,0
BRDA:80,12,1,0
BRDA:82,13,0,0
BRDA:82,13,1,0
BRDA:85,14,0,0
BRDA:85,14,1,0
BRDA:101,15,0,0
BRDA:101,15,1,0
BRDA:101,16,0,0
BRDA:101,16,1,0
BRDA:112,17,0,0
BRDA:112,17,1,0
BRDA:114,18,0,0
BRDA:114,18,1,0
BRDA:133,19,0,0
BRDA:133,19,1,0
BRDA:159,20,0,0
BRDA:159,20,1,0
BRDA:159,20,2,0
BRDA:159,20,3,0
BRDA:187,21,0,0
BRDA:187,21,1,0
BRDA:193,22,0,0
BRDA:193,22,1,0
BRDA:193,22,2,0
BRDA:193,22,3,0
BRDA:211,23,0,0
BRDA:211,23,1,0
BRDA:229,24,0,0
BRDA:229,24,1,0
BRDA:230,25,0,0
BRDA:230,25,1,0
BRDA:230,26,0,0
BRDA:230,26,1,0
BRDA:249,27,0,0
BRDA:249,27,1,0
BRDA:252,28,0,0
BRDA:252,28,1,0
BRDA:255,29,0,0
BRDA:255,29,1,0
BRDA:258,30,0,0
BRDA:258,30,1,0
BRDA:266,31,0,0
BRDA:266,31,1,0
BRDA:267,32,0,0
BRDA:267,32,1,0
BRDA:267,32,2,0
BRDA:268,33,0,0
BRDA:268,33,1,0
BRDA:268,33,2,0
BRF:80
BRH:0
end_of_record
TN:
SF:src\MarketScreen.js
FN:11,(anonymous_0)
FN:22,(anonymous_1)
FN:35,(anonymous_2)
FNF:3
FNH:0
FNDA:0,(anonymous_0)
FNDA:0,(anonymous_1)
FNDA:0,(anonymous_2)
DA:9,0
DA:11,0
DA:12,0
DA:13,0
DA:19,0
DA:22,0
DA:23,0
DA:30,0
DA:35,0
DA:54,0
LF:10
LH:0
BRF:0
BRH:0
end_of_record
TN:
SF:src\PortfolioScreen.js
FN:17,(anonymous_0)
FN:31,(anonymous_1)
FN:44,(anonymous_2)
FN:73,(anonymous_3)
FN:82,(anonymous_4)
FN:85,(anonymous_5)
FN:93,(anonymous_6)
FN:130,(anonymous_7)
FN:140,(anonymous_8)
FN:147,(anonymous_9)
FN:204,(anonymous_10)
FN:224,(anonymous_11)
FN:238,(anonymous_12)
FN:282,(anonymous_13)
FN:289,(anonymous_14)
FN:305,(anonymous_15)
FN:320,(anonymous_16)
FN:337,(anonymous_17)
FN:351,(anonymous_18)
FN:382,(anonymous_19)
FN:389,(anonymous_20)
FN:397,(anonymous_21)
FNF:22
FNH:0
FNDA:0,(anonymous_0)
FNDA:0,(anonymous_1)
FNDA:0,(anonymous_2)
FNDA:0,(anonymous_3)
FNDA:0,(anonymous_4)
FNDA:0,(anonymous_5)
FNDA:0,(anonymous_6)
FNDA:0,(anonymous_7)
FNDA:0,(anonymous_8)
FNDA:0,(anonymous_9)
FNDA:0,(anonymous_10)
FNDA:0,(anonymous_11)
FNDA:0,(anonymous_12)
FNDA:0,(anonymous_13)
FNDA:0,(anonymous_14)
FNDA:0,(anonymous_15)
FNDA:0,(anonymous_16)
FNDA:0,(anonymous_17)
FNDA:0,(anonymous_18)
FNDA:0,(anonymous_19)
FNDA:0,(anonymous_20)
FNDA:0,(anonymous_21)
DA:17,0
DA:18,0
DA:19,0
DA:20,0
DA:22,0
DA:23,0
DA:24,0
DA:25,0
DA:27,0
DA:31,0
DA:41,0
DA:44,0
DA:45,0
DA:47,0
DA:48,0
DA:52,0
DA:56,0
DA:57,0
DA:60,0
DA:63,0
DA:74,0
DA:82,0
DA:84,0
DA:85,0
DA:86,0
DA:87,0
DA:91,0
DA:92,0
DA:93,0
DA:95,0
DA:96,0
DA:97,0
DA:100,0
DA:101,0
DA:102,0
DA:103,0
DA:105,0
DA:106,0
DA:107,0
DA:110,0
DA:119,0
DA:121,0
DA:130,0
DA:131,0
DA:140,0
DA:147,0
DA:149,0
DA:150,0
DA:154,0
DA:155,0
DA:156,0
DA:160,0
DA:204,0
DA:225,0
DA:239,0
DA:283,0
DA:289,0
DA:306,0
DA:321,0
DA:338,0
DA:352,0
DA:371,0
DA:382,0
DA:389,0
DA:397,0
DA:406,0
LF:66
LH:0
BRDA:22,0,0,0
BRDA:22,0,1,0
BRDA:24,1,0,0
BRDA:24,1,1,0
BRDA:47,2,0,0
BRDA:47,2,1,0
BRDA:56,3,0,0
BRDA:56,3,1,0
BRDA:57,4,0,0
BRDA:57,4,1,0
BRDA:60,5,0,0
BRDA:60,5,1,0
BRDA:65,6,0,0
BRDA:65,6,1,0
BRDA:66,7,0,0
BRDA:66,7,1,0
BRDA:68,8,0,0
BRDA:68,8,1,0
BRDA:74,9,0,0
BRDA:74,9,1,0
BRDA:85,10,0,0
BRDA:85,10,1,0
BRDA:91,11,0,0
BRDA:91,11,1,0
BRDA:95,12,0,0
BRDA:95,12,1,0
BRDA:100,13,0,0
BRDA:100,13,1,0
BRDA:100,13,2,0
BRDA:103,14,0,0
BRDA:103,14,1,0
BRDA:106,15,0,0
BRDA:106,15,1,0
BRDA:119,16,0,0
BRDA:119,16,1,0
BRDA:149,17,0,0
BRDA:149,17,1,0
BRDA:154,18,0,0
BRDA:154,18,1,0
BRDA:155,19,0,0
BRDA:155,19,1,0
BRDA:156,20,0,0
BRDA:156,20,1,0
BRDA:163,21,0,0
BRDA:163,21,1,0
BRDA:163,22,0,0
BRDA:163,22,1,0
BRDA:179,23,0,0
BRDA:179,23,1,0
BRDA:181,24,0,0
BRDA:181,24,1,0
BRDA:181,25,0,0
BRDA:181,25,1,0
BRDA:182,26,0,0
BRDA:182,26,1,0
BRDA:184,27,0,0
BRDA:184,27,1,0
BRDA:184,27,2,0
BRDA:187,28,0,0
BRDA:187,28,1,0
BRDA:189,29,0,0
BRDA:189,29,1,0
BRDA:192,30,0,0
BRDA:192,30,1,0
BRDA:192,30,2,0
BRDA:199,31,0,0
BRDA:199,31,1,0
BRDA:199,31,2,0
BRDA:201,32,0,0
BRDA:201,32,1,0
BRDA:213,33,0,0
BRDA:213,33,1,0
BRDA:218,34,0,0
BRDA:218,34,1,0
BRDA:235,35,0,0
BRDA:235,35,1,0
BRDA:245,36,0,0
BRDA:245,36,1,0
BRDA:249,37,0,0
BRDA:249,37,1,0
BRDA:253,38,0,0
BRDA:253,38,1,0
BRDA:253,38,2,0
BRDA:258,39,0,0
BRDA:258,39,1,0
BRDA:261,40,0,0
BRDA:261,40,1,0
BRDA:270,41,0,0
BRDA:270,41,1,0
BRDA:276,42,0,0
BRDA:276,42,1,0
BRDA:276,42,2,0
BRDA:276,42,3,0
BRDA:276,42,4,0
BRDA:281,43,0,0
BRDA:281,43,1,0
BRDA:301,44,0,0
BRDA:301,44,1,0
BRDA:301,44,2,0
BRDA:301,44,3,0
BRDA:315,45,0,0
BRDA:315,45,1,0
BRDA:315,45,2,0
BRDA:333,46,0,0
BRDA:333,46,1,0
BRDA:333,46,2,0
BRDA:333,46,3,0
BRDA:348,47,0,0
BRDA:348,47,1,0
BRDA:358,48,0,0
BRDA:358,48,1,0
BRDA:362,49,0,0
BRDA:362,49,1,0
BRDA:397,50,0,0
BRDA:397,50,1,0
BRF:115
BRH:0
end_of_record
TN:
SF:src\PropertyDetailScreen.js
FN:9,(anonymous_0)
FN:22,(anonymous_1)
FN:30,(anonymous_2)
FN:57,(anonymous_3)
FN:60,(anonymous_4)
FN:63,(anonymous_5)
FN:67,(anonymous_6)
FN:87,(anonymous_7)
FNF:8
FNH:0
FNDA:0,(anonymous_0)
FNDA:0,(anonymous_1)
FNDA:0,(anonymous_2)
FNDA:0,(anonymous_3)
FNDA:0,(anonymous_4)
FNDA:0,(anonymous_5)
FNDA:0,(anonymous_6)
FNDA:0,(anonymous_7)
DA:9,0
DA:10,0
DA:12,0
DA:14,0
DA:15,0
DA:16,0
DA:19,0
DA:22,0
DA:23,0
DA:24,0
DA:25,0
DA:28,0
DA:30,0
DA:31,0
DA:32,0
DA:33,0
DA:34,0
DA:35,0
DA:36,0
DA:37,0
DA:43,0
DA:44,0
DA:45,0
DA:47,0
DA:48,0
DA:49,0
DA:50,0
DA:57,0
DA:58,0
DA:59,0
DA:60,0
DA:62,0
DA:63,0
DA:67,0
DA:68,0
DA:69,0
DA:70,0
DA:71,0
DA:75,0
DA:87,0
DA:143,0
LF:41
LH:0
BRDA:23,0,0,0
BRDA:23,0,1,0
BRDA:32,1,0,0
BRDA:32,1,1,0
BRDA:43,2,0,0
BRDA:43,2,1,0
BRDA:59,3,0,0
BRDA:59,3,1,0
BRDA:70,4,0,0
BRDA:70,4,1,0
BRDA:100,5,0,0
BRDA:100,5,1,0
BRDA:128,6,0,0
BRDA:128,6,1,0
BRF:14
BRH:0
end_of_record
TN:
SF:src\PropertyMarketScreen.js
FN:9,(anonymous_0)
FN:23,(anonymous_1)
FN:26,(anonymous_2)
FN:30,(anonymous_3)
FN:47,(anonymous_4)
FN:67,(anonymous_5)
FN:70,(anonymous_6)
FN:73,(anonymous_7)
FNF:8
FNH:0
FNDA:0,(anonymous_0)
FNDA:0,(anonymous_1)
FNDA:0,(anonymous_2)
FNDA:0,(anonymous_3)
FNDA:0,(anonymous_4)
FNDA:0,(anonymous_5)
FNDA:0,(anonymous_6)
FNDA:0,(anonymous_7)
DA:9,0
DA:10,0
DA:16,0
DA:19,0
DA:22,0
DA:23,0
DA:26,0
DA:27,0
DA:30,0
DA:31,0
DA:47,0
DA:48,0
DA:58,0
DA:67,0
DA:71,0
DA:73,0
DA:110,0
LF:17
LH:0
BRDA:12,0,0,0
BRDA:13,1,0,0
BRDA:19,2,0,0
BRDA:19,2,1,0
BRDA:38,3,0,0
BRDA:38,3,1,0
BRDA:62,4,0,0
BRDA:62,4,1,0
BRDA:82,5,0,0
BRDA:82,5,1,0
BRDA:91,6,0,0
BRDA:91,6,1,0
BRDA:91,6,2,0
BRF:13
BRH:0
end_of_record
TN:
SF:src\SelectAssetScreen.js
FN:7,(anonymous_0)
FN:11,(anonymous_1)
FN:18,(anonymous_2)
FN:21,(anonymous_3)
FN:42,(anonymous_4)
FN:50,(anonymous_5)
FNF:6
FNH:0
FNDA:0,(anonymous_0)
FNDA:0,(anonymous_1)
FNDA:0,(anonymous_2)
FNDA:0,(anonymous_3)
FNDA:0,(anonymous_4)
FNDA:0,(anonymous_5)
DA:7,0
DA:8,0
DA:9,0
DA:11,0
DA:13,0
DA:18,0
DA:19,0
DA:21,0
DA:38,0
DA:42,0
DA:50,0
DA:62,0
LF:12
LH:0
BRDA:13,0,0,0
BRDA:13,0,1,0
BRDA:13,0,2,0
BRDA:13,0,3,0
BRDA:13,0,4,0
BRDA:27,1,0,0
BRDA:27,1,1,0
BRDA:30,2,0,0
BRDA:30,2,1,0
BRDA:30,2,2,0
BRDA:30,2,3,0
BRDA:32,3,0,0
BRDA:32,3,1,0
BRF:13
BRH:0
end_of_record
TN:
SF:src\StaffCenterScreen.js
FN:9,(anonymous_0)
FN:12,(anonymous_1)
FN:27,(anonymous_2)
FN:36,(anonymous_3)
FN:44,(anonymous_4)
FN:59,(anonymous_5)
FN:81,(anonymous_6)
FN:90,(anonymous_7)
FN:100,(anonymous_8)
FN:102,(anonymous_9)
FN:106,(anonymous_10)
FN:112,(anonymous_11)
FN:124,(anonymous_12)
FN:132,(anonymous_13)
FN:141,(anonymous_14)
FN:153,(anonymous_15)
FN:167,(anonymous_16)
FNF:17
FNH:0
FNDA:0,(anonymous_0)
FNDA:0,(anonymous_1)
FNDA:0,(anonymous_2)
FNDA:0,(anonymous_3)
FNDA:0,(anonymous_4)
FNDA:0,(anonymous_5)
FNDA:0,(anonymous_6)
FNDA:0,(anonymous_7)
FNDA:0,(anonymous_8)
FNDA:0,(anonymous_9)
FNDA:0,(anonymous_10)
FNDA:0,(anonymous_11)
FNDA:0,(anonymous_12)
FNDA:0,(anonymous_13)
FNDA:0,(anonymous_14)
FNDA:0,(anonymous_15)
FNDA:0,(anonymous_16)
DA:9,0
DA:10,0
DA:12,0
DA:13,0
DA:27,0
DA:28,0
DA:37,0
DA:44,0
DA:45,0
DA:59,0
DA:68,0
DA:81,0
DA:90,0
DA:91,0
DA:93,0
DA:94,0
DA:95,0
DA:100,0
DA:101,0
DA:102,0
DA:105,0
DA:106,0
DA:108,0
DA:113,0
DA:114,0
DA:124,0
DA:132,0
DA:141,0
DA:142,0
DA:143,0
DA:148,0
DA:153,0
DA:154,0
DA:162,0
DA:167,0
DA:185,0
LF:36
LH:0
BRDA:53,0,0,0
BRDA:53,0,1,0
BRDA:56,1,0,0
BRDA:56,1,1,0
BRDA:70,2,0,0
BRDA:70,2,1,0
BRDA:101,3,0,0
BRDA:101,3,1,0
BRDA:115,4,0,0
BRDA:115,4,1,0
BRDA:122,5,0,0
BRDA:122,5,1,0
BRF:12
BRH:0
end_of_record
TN:
SF:src\StaffSelectionScreen.js
FN:7,(anonymous_0)
FN:22,(anonymous_1)
FN:24,(anonymous_2)
FN:26,(anonymous_3)
FN:41,(anonymous_4)
FN:43,(anonymous_5)
FN:52,(anonymous_6)
FN:75,(anonymous_7)
FN:83,(anonymous_8)
FNF:9
FNH:0
FNDA:0,(anonymous_0)
FNDA:0,(anonymous_1)
FNDA:0,(anonymous_2)
FNDA:0,(anonymous_3)
FNDA:0,(anonymous_4)
FNDA:0,(anonymous_5)
FNDA:0,(anonymous_6)
FNDA:0,(anonymous_7)
FNDA:0,(anonymous_8)
DA:7,0
DA:8,0
DA:9,0
DA:12,0
DA:22,0
DA:23,0
DA:24,0
DA:26,0
DA:28,0
DA:29,0
DA:30,0
DA:31,0
DA:35,0
DA:36,0
DA:37,0
DA:41,0
DA:42,0
DA:43,0
DA:46,0
DA:47,0
DA:49,0
DA:52,0
DA:71,0
DA:75,0
DA:83,0
DA:95,0
LF:26
LH:0
BRDA:15,0,0,0
BRDA:15,0,1,0
BRDA:17,1,0,0
BRDA:17,1,1,0
BRDA:18,2,0,0
BRDA:18,2,1,0
BRDA:23,3,0,0
BRDA:23,3,1,0
BRDA:26,4,0,0
BRDA:26,4,1,0
BRDA:28,5,0,0
BRDA:28,5,1,0
BRDA:30,6,0,0
BRDA:30,6,1,0
BRDA:36,7,0,0
BRDA:36,7,1,0
BRDA:42,8,0,0
BRDA:42,8,1,0
BRDA:43,9,0,0
BRDA:43,9,1,0
BRDA:43,10,0,0
BRDA:43,10,1,0
BRDA:51,11,0,0
BRDA:51,11,1,0
BRDA:66,12,0,0
BRDA:66,12,1,0
BRF:26
BRH:0
end_of_record
TN:
SF:src\TransactionModal.js
FN:6,(anonymous_0)
FN:8,(anonymous_1)
FNF:2
FNH:0
FNDA:0,(anonymous_0)
FNDA:0,(anonymous_1)
DA:6,0
DA:8,0
DA:9,0
DA:11,0
DA:28,0
DA:52,0
DA:63,0
DA:67,0
DA:79,0
LF:9
LH:0
BRDA:9,0,0,0
BRDA:9,0,1,0
BRDA:9,0,2,0
BRDA:9,0,3,0
BRF:4
BRH:0
end_of_record
TN:
SF:src\TransactionSummaryScreen.js
FN:12,(anonymous_0)
FN:26,(anonymous_1)
FNF:2
FNH:0
FNDA:0,(anonymous_0)
FNDA:0,(anonymous_1)
DA:12,0
DA:20,0
DA:22,0
DA:26,0
DA:27,0
DA:33,0
DA:99,0
LF:7
LH:0
BRDA:36,0,0,0
BRDA:36,0,1,0
BRDA:42,1,0,0
BRDA:42,1,1,0
BRDA:47,2,0,0
BRDA:47,2,1,0
BRDA:74,3,0,0
BRDA:74,3,1,0
BRDA:77,4,0,0
BRDA:77,4,1,0
BRDA:82,5,0,0
BRDA:82,5,1,0
BRDA:85,6,0,0
BRDA:85,6,1,0
BRF:14
BRH:0
end_of_record
TN:
SF:src\TutorialScreen.js
FN:69,(anonymous_0)
FN:80,(anonymous_1)
FN:84,(anonymous_2)
FN:93,(anonymous_3)
FN:98,(anonymous_4)
FN:107,(anonymous_5)
FN:127,(anonymous_6)
FN:136,(anonymous_7)
FNF:8
FNH:6
FNDA:74,(anonymous_0)
FNDA:0,(anonymous_1)
FNDA:0,(anonymous_2)
FNDA:34,(anonymous_3)
FNDA:2,(anonymous_4)
FNDA:12,(anonymous_5)
FNDA:12,(anonymous_6)
FNDA:360,(anonymous_7)
DA:8,1
DA:69,1
DA:70,74
DA:71,72
DA:74,72
DA:77,72
DA:80,72
DA:81,0
DA:85,0
DA:93,72
DA:94,34
DA:95,34
DA:98,72
DA:99,2
DA:100,2
DA:107,72
DA:108,12
DA:110,12
DA:112,2
DA:115,10
DA:116,10
DA:119,72
DA:127,12
DA:137,360
DA:152,1
LF:25
LH:23
BRDA:74,0,0,72
BRDA:74,0,1,1
BRDA:110,1,0,2
BRDA:110,1,1,10
BRDA:137,2,0,360
BRDA:137,2,1,71
BRDA:144,3,0,6
BRDA:144,3,1,66
BRF:8
BRH:8
end_of_record
